<?xml version="1.0" encoding="UTF-8"?>
<coverage generated="1643527166944" clover="3.2.0">
  <project timestamp="1643527166944" name="All files">
    <metrics statements="441" coveredstatements="441" conditionals="157" coveredconditionals="157" methods="124" coveredmethods="124" elements="722" coveredelements="722" complexity="0" loc="441" ncloc="441" packages="1" files="4" classes="4"/>
    <file name="Color.ts" path="/Users/steve/Desktop/dev/open-source/colors/classes/Color.ts">
      <metrics statements="53" coveredstatements="53" conditionals="0" coveredconditionals="0" methods="27" coveredmethods="27"/>
      <line num="1" count="2" type="stmt"/>
      <line num="2" count="10" type="stmt"/>
      <line num="4" count="2" type="stmt"/>
      <line num="9" count="81" type="stmt"/>
      <line num="10" count="81" type="stmt"/>
      <line num="11" count="81" type="stmt"/>
      <line num="15" count="2" type="stmt"/>
      <line num="16" count="2" type="stmt"/>
      <line num="21" count="2" type="stmt"/>
      <line num="22" count="22" type="stmt"/>
      <line num="25" count="2" type="stmt"/>
      <line num="26" count="77" type="stmt"/>
      <line num="29" count="2" type="stmt"/>
      <line num="30" count="1" type="stmt"/>
      <line num="33" count="2" type="stmt"/>
      <line num="34" count="1" type="stmt"/>
      <line num="37" count="2" type="stmt"/>
      <line num="38" count="14" type="stmt"/>
      <line num="41" count="2" type="stmt"/>
      <line num="42" count="1" type="stmt"/>
      <line num="47" count="2" type="stmt"/>
      <line num="48" count="1" type="stmt"/>
      <line num="51" count="2" type="stmt"/>
      <line num="52" count="1" type="stmt"/>
      <line num="55" count="2" type="stmt"/>
      <line num="56" count="1" type="stmt"/>
      <line num="59" count="2" type="stmt"/>
      <line num="60" count="1" type="stmt"/>
      <line num="63" count="2" type="stmt"/>
      <line num="64" count="1" type="stmt"/>
      <line num="67" count="2" type="stmt"/>
      <line num="68" count="1" type="stmt"/>
      <line num="71" count="2" type="stmt"/>
      <line num="72" count="2" type="stmt"/>
      <line num="75" count="2" type="stmt"/>
      <line num="76" count="2" type="stmt"/>
      <line num="82" count="1" type="stmt"/>
      <line num="86" count="1" type="stmt"/>
      <line num="90" count="1" type="stmt"/>
      <line num="94" count="2" type="stmt"/>
      <line num="98" count="2" type="stmt"/>
      <line num="102" count="54" type="stmt"/>
      <line num="106" count="2" type="stmt"/>
      <line num="110" count="81" type="stmt"/>
      <line num="111" count="148" type="stmt"/>
      <line num="112" count="148" type="stmt"/>
      <line num="113" count="148" type="stmt"/>
      <line num="117" count="2" type="stmt"/>
      <line num="118" count="67" type="stmt"/>
      <line num="119" count="67" type="stmt"/>
      <line num="123" count="2" type="stmt"/>
      <line num="124" count="53" type="stmt"/>
      <line num="126" count="2" type="stmt"/>
    </file>
    <file name="ColorUtility.ts" path="/Users/steve/Desktop/dev/open-source/colors/classes/ColorUtility.ts">
      <metrics statements="338" coveredstatements="338" conditionals="154" coveredconditionals="154" methods="83" coveredmethods="83"/>
      <line num="1" count="3" type="stmt"/>
      <line num="2" count="77" type="stmt"/>
      <line num="4" count="3" type="stmt"/>
      <line num="5" count="3" type="stmt"/>
      <line num="8" count="389" type="stmt"/>
      <line num="15" count="110" type="cond" truecount="1" falsecount="0"/>
      <line num="16" count="1" type="stmt"/>
      <line num="22" count="4" type="stmt"/>
      <line num="27" count="6" type="stmt"/>
      <line num="28" count="6" type="stmt"/>
      <line num="32" count="6" type="stmt"/>
      <line num="33" count="6" type="stmt"/>
      <line num="37" count="6" type="stmt"/>
      <line num="38" count="6" type="stmt"/>
      <line num="42" count="82" type="stmt"/>
      <line num="43" count="82" type="cond" truecount="4" falsecount="0"/>
      <line num="49" count="3" type="stmt"/>
      <line num="50" count="3" type="stmt"/>
      <line num="51" count="3" type="stmt"/>
      <line num="52" count="3" type="stmt"/>
      <line num="56" count="3" type="stmt"/>
      <line num="57" count="3" type="stmt"/>
      <line num="58" count="3" type="stmt"/>
      <line num="59" count="3" type="stmt"/>
      <line num="63" count="3" type="stmt"/>
      <line num="64" count="3" type="stmt"/>
      <line num="65" count="3" type="stmt"/>
      <line num="66" count="3" type="stmt"/>
      <line num="70" count="2" type="stmt"/>
      <line num="71" count="2" type="cond" truecount="1" falsecount="0"/>
      <line num="72" count="2" type="stmt"/>
      <line num="73" count="2" type="stmt"/>
      <line num="81" count="366" type="stmt"/>
      <line num="86" count="1314" type="stmt"/>
      <line num="93" count="511" type="stmt"/>
      <line num="104" count="883" type="stmt"/>
      <line num="105" count="883" type="stmt"/>
      <line num="106" count="883" type="stmt"/>
      <line num="108" count="883" type="stmt"/>
      <line num="109" count="883" type="stmt"/>
      <line num="111" count="883" type="cond" truecount="1" falsecount="0"/>
      <line num="115" count="10" type="stmt"/>
      <line num="118" count="883" type="stmt"/>
      <line num="119" count="883" type="stmt"/>
      <line num="123" count="17" type="cond" truecount="1" falsecount="0"/>
      <line num="124" count="1" type="stmt"/>
      <line num="128" count="60" type="stmt"/>
      <line num="130" count="16" type="cond" truecount="4" falsecount="0"/>
      <line num="131" count="1" type="stmt"/>
      <line num="134" count="16" type="stmt"/>
      <line num="139" count="6" type="cond" truecount="1" falsecount="0"/>
      <line num="140" count="5" type="stmt"/>
      <line num="141" count="5" type="cond" truecount="1" falsecount="0"/>
      <line num="143" count="5" type="stmt"/>
      <line num="144" count="19" type="stmt"/>
      <line num="149" count="53" type="stmt"/>
      <line num="150" count="53" type="stmt"/>
      <line num="151" count="53" type="stmt"/>
      <line num="152" count="53" type="stmt"/>
      <line num="153" count="53" type="stmt"/>
      <line num="154" count="53" type="stmt"/>
      <line num="156" count="53" type="stmt"/>
      <line num="158" count="53" type="cond" truecount="2" falsecount="0"/>
      <line num="159" count="14" type="stmt"/>
      <line num="161" count="39" type="stmt"/>
      <line num="162" count="39" type="cond" truecount="2" falsecount="0"/>
      <line num="164" count="39" type="cond" truecount="2" falsecount="0"/>
      <line num="165" count="17" type="cond" truecount="2" falsecount="0"/>
      <line num="166" count="22" type="cond" truecount="2" falsecount="0"/>
      <line num="167" count="3" type="stmt"/>
      <line num="168" count="19" type="cond" truecount="1" falsecount="0"/>
      <line num="169" count="19" type="stmt"/>
      <line num="172" count="39" type="stmt"/>
      <line num="174" count="53" type="stmt"/>
      <line num="175" count="53" type="stmt"/>
      <line num="176" count="53" type="stmt"/>
      <line num="177" count="53" type="stmt"/>
      <line num="179" count="53" type="cond" truecount="2" falsecount="0"/>
      <line num="184" count="3" type="stmt"/>
      <line num="187" count="573" type="stmt"/>
      <line num="194" count="250" type="cond" truecount="1" falsecount="0"/>
      <line num="195" count="1" type="stmt"/>
      <line num="201" count="4" type="stmt"/>
      <line num="206" count="7" type="stmt"/>
      <line num="207" count="7" type="stmt"/>
      <line num="211" count="7" type="stmt"/>
      <line num="212" count="7" type="stmt"/>
      <line num="216" count="7" type="stmt"/>
      <line num="217" count="7" type="stmt"/>
      <line num="221" count="160" type="stmt"/>
      <line num="222" count="160" type="cond" truecount="4" falsecount="0"/>
      <line num="228" count="6" type="stmt"/>
      <line num="229" count="6" type="stmt"/>
      <line num="232" count="6" type="stmt"/>
      <line num="233" count="6" type="stmt"/>
      <line num="234" count="6" type="stmt"/>
      <line num="235" count="6" type="stmt"/>
      <line num="239" count="6" type="stmt"/>
      <line num="240" count="6" type="stmt"/>
      <line num="241" count="6" type="stmt"/>
      <line num="242" count="6" type="stmt"/>
      <line num="246" count="56" type="stmt"/>
      <line num="247" count="56" type="stmt"/>
      <line num="248" count="56" type="stmt"/>
      <line num="249" count="56" type="stmt"/>
      <line num="253" count="4" type="stmt"/>
      <line num="254" count="4" type="cond" truecount="1" falsecount="0"/>
      <line num="255" count="4" type="stmt"/>
      <line num="256" count="4" type="stmt"/>
      <line num="264" count="257" type="stmt"/>
      <line num="271" count="925" type="stmt"/>
      <line num="278" count="345" type="stmt"/>
      <line num="286" count="378" type="cond" truecount="1" falsecount="0"/>
      <line num="287" count="1" type="stmt"/>
      <line num="291" count="1352" type="stmt"/>
      <line num="292" count="377" type="cond" truecount="2" falsecount="0"/>
      <line num="293" count="377" type="cond" truecount="2" falsecount="0"/>
      <line num="294" count="377" type="cond" truecount="2" falsecount="0"/>
      <line num="296" count="377" type="cond" truecount="4" falsecount="0"/>
      <line num="297" count="1" type="stmt"/>
      <line num="300" count="377" type="stmt"/>
      <line num="307" count="764" type="stmt"/>
      <line num="308" count="764" type="stmt"/>
      <line num="309" count="764" type="stmt"/>
      <line num="311" count="764" type="stmt"/>
      <line num="312" count="764" type="stmt"/>
      <line num="314" count="764" type="cond" truecount="2" falsecount="0"/>
      <line num="315" count="764" type="cond" truecount="2" falsecount="0"/>
      <line num="316" count="764" type="cond" truecount="2" falsecount="0"/>
      <line num="317" count="764" type="cond" truecount="1" falsecount="0"/>
      <line num="321" count="12" type="stmt"/>
      <line num="324" count="764" type="stmt"/>
      <line num="325" count="764" type="stmt"/>
      <line num="330" count="37" type="stmt"/>
      <line num="333" count="37" type="stmt"/>
      <line num="334" count="37" type="stmt"/>
      <line num="335" count="37" type="stmt"/>
      <line num="337" count="37" type="stmt"/>
      <line num="338" count="37" type="stmt"/>
      <line num="339" count="37" type="stmt"/>
      <line num="340" count="111" type="stmt"/>
      <line num="342" count="111" type="stmt"/>
      <line num="343" count="111" type="stmt"/>
      <line num="347" count="37" type="stmt"/>
      <line num="350" count="37" type="stmt"/>
      <line num="351" count="37" type="cond" truecount="2" falsecount="0"/>
      <line num="355" count="18" type="cond" truecount="1" falsecount="0"/>
      <line num="356" count="17" type="stmt"/>
      <line num="357" count="17" type="stmt"/>
      <line num="361" count="150" type="stmt"/>
      <line num="362" count="150" type="cond" truecount="1" falsecount="0"/>
      <line num="363" count="150" type="stmt"/>
      <line num="367" count="150" type="stmt"/>
      <line num="368" count="150" type="stmt"/>
      <line num="369" count="150" type="stmt"/>
      <line num="374" count="3" type="stmt"/>
      <line num="377" count="540" type="cond" truecount="2" falsecount="0"/>
      <line num="381" count="184" type="cond" truecount="1" falsecount="0"/>
      <line num="382" count="1" type="stmt"/>
      <line num="388" count="4" type="stmt"/>
      <line num="393" count="9" type="stmt"/>
      <line num="394" count="9" type="stmt"/>
      <line num="398" count="9" type="stmt"/>
      <line num="399" count="9" type="stmt"/>
      <line num="403" count="9" type="stmt"/>
      <line num="404" count="9" type="stmt"/>
      <line num="408" count="14" type="stmt"/>
      <line num="409" count="14" type="stmt"/>
      <line num="410" count="14" type="cond" truecount="2" falsecount="0"/>
      <line num="414" count="5" type="stmt"/>
      <line num="415" count="5" type="stmt"/>
      <line num="416" count="5" type="stmt"/>
      <line num="420" count="5" type="stmt"/>
      <line num="421" count="5" type="stmt"/>
      <line num="422" count="5" type="stmt"/>
      <line num="426" count="5" type="stmt"/>
      <line num="427" count="5" type="stmt"/>
      <line num="428" count="5" type="stmt"/>
      <line num="432" count="10" type="stmt"/>
      <line num="433" count="10" type="stmt"/>
      <line num="434" count="10" type="stmt"/>
      <line num="442" count="4" type="stmt"/>
      <line num="443" count="4" type="stmt"/>
      <line num="444" count="4" type="stmt"/>
      <line num="445" count="4" type="stmt"/>
      <line num="449" count="4" type="stmt"/>
      <line num="450" count="4" type="stmt"/>
      <line num="451" count="4" type="stmt"/>
      <line num="452" count="4" type="stmt"/>
      <line num="456" count="4" type="stmt"/>
      <line num="457" count="4" type="stmt"/>
      <line num="458" count="4" type="stmt"/>
      <line num="459" count="4" type="stmt"/>
      <line num="463" count="4" type="stmt"/>
      <line num="464" count="4" type="stmt"/>
      <line num="465" count="4" type="stmt"/>
      <line num="470" count="115" type="cond" truecount="1" falsecount="0"/>
      <line num="471" count="1" type="stmt"/>
      <line num="475" count="114" type="cond" truecount="1" falsecount="0"/>
      <line num="477" count="41" type="stmt"/>
      <line num="478" count="41" type="stmt"/>
      <line num="479" count="41" type="stmt"/>
      <line num="480" count="41" type="stmt"/>
      <line num="481" count="41" type="cond" truecount="1" falsecount="0"/>
      <line num="482" count="41" type="stmt"/>
      <line num="489" count="105" type="stmt"/>
      <line num="491" count="105" type="stmt"/>
      <line num="495" count="105" type="stmt"/>
      <line num="496" count="105" type="stmt"/>
      <line num="497" count="357" type="stmt"/>
      <line num="499" count="105" type="stmt"/>
      <line num="506" count="22" type="cond" truecount="1" falsecount="0"/>
      <line num="507" count="1" type="stmt"/>
      <line num="511" count="21" type="stmt"/>
      <line num="512" count="75" type="cond" truecount="2" falsecount="0"/>
      <line num="514" count="21" type="stmt"/>
      <line num="519" count="45" type="cond" truecount="1" falsecount="0"/>
      <line num="520" count="44" type="stmt"/>
      <line num="521" count="44" type="stmt"/>
      <line num="522" count="44" type="cond" truecount="1" falsecount="0"/>
      <line num="523" count="15" type="stmt"/>
      <line num="524" count="44" type="stmt"/>
      <line num="528" count="18" type="cond" truecount="1" falsecount="0"/>
      <line num="529" count="17" type="stmt"/>
      <line num="530" count="17" type="stmt"/>
      <line num="531" count="17" type="stmt"/>
      <line num="532" count="17" type="cond" truecount="1" falsecount="0"/>
      <line num="533" count="17" type="stmt"/>
      <line num="540" count="174" type="stmt"/>
      <line num="545" count="3" type="stmt"/>
      <line num="548" count="35" type="stmt"/>
      <line num="552" count="13" type="cond" truecount="1" falsecount="0"/>
      <line num="553" count="1" type="stmt"/>
      <line num="560" count="2" type="stmt"/>
      <line num="561" count="2" type="stmt"/>
      <line num="565" count="5" type="stmt"/>
      <line num="566" count="5" type="stmt"/>
      <line num="570" count="5" type="stmt"/>
      <line num="571" count="5" type="stmt"/>
      <line num="576" count="3" type="stmt"/>
      <line num="579" count="5" type="cond" truecount="2" falsecount="0"/>
      <line num="580" count="1" type="stmt"/>
      <line num="581" count="4" type="cond" truecount="2" falsecount="0"/>
      <line num="582" count="1" type="stmt"/>
      <line num="583" count="3" type="cond" truecount="2" falsecount="0"/>
      <line num="584" count="1" type="stmt"/>
      <line num="585" count="2" type="cond" truecount="1" falsecount="0"/>
      <line num="586" count="1" type="stmt"/>
      <line num="588" count="1" type="stmt"/>
      <line num="594" count="5" type="cond" truecount="2" falsecount="0"/>
      <line num="595" count="1" type="stmt"/>
      <line num="596" count="4" type="cond" truecount="2" falsecount="0"/>
      <line num="597" count="1" type="stmt"/>
      <line num="598" count="3" type="cond" truecount="2" falsecount="0"/>
      <line num="599" count="1" type="stmt"/>
      <line num="602" count="2" type="cond" truecount="1" falsecount="0"/>
      <line num="603" count="1" type="stmt"/>
      <line num="607" count="1" type="stmt"/>
      <line num="613" count="5" type="cond" truecount="2" falsecount="0"/>
      <line num="614" count="1" type="stmt"/>
      <line num="615" count="4" type="cond" truecount="2" falsecount="0"/>
      <line num="616" count="1" type="stmt"/>
      <line num="617" count="3" type="cond" truecount="2" falsecount="0"/>
      <line num="618" count="1" type="stmt"/>
      <line num="621" count="2" type="cond" truecount="1" falsecount="0"/>
      <line num="622" count="1" type="stmt"/>
      <line num="626" count="1" type="stmt"/>
      <line num="632" count="156" type="cond" truecount="2" falsecount="0"/>
      <line num="633" count="6" type="stmt"/>
      <line num="634" count="150" type="cond" truecount="2" falsecount="0"/>
      <line num="635" count="27" type="stmt"/>
      <line num="636" count="123" type="cond" truecount="2" falsecount="0"/>
      <line num="637" count="121" type="stmt"/>
      <line num="638" count="2" type="cond" truecount="1" falsecount="0"/>
      <line num="639" count="1" type="stmt"/>
      <line num="645" count="5" type="cond" truecount="2" falsecount="0"/>
      <line num="646" count="1" type="stmt"/>
      <line num="647" count="4" type="cond" truecount="2" falsecount="0"/>
      <line num="648" count="1" type="stmt"/>
      <line num="649" count="3" type="cond" truecount="2" falsecount="0"/>
      <line num="650" count="1" type="stmt"/>
      <line num="651" count="2" type="cond" truecount="1" falsecount="0"/>
      <line num="652" count="1" type="stmt"/>
      <line num="654" count="1" type="stmt"/>
      <line num="660" count="5" type="cond" truecount="2" falsecount="0"/>
      <line num="661" count="1" type="stmt"/>
      <line num="664" count="4" type="cond" truecount="2" falsecount="0"/>
      <line num="665" count="1" type="stmt"/>
      <line num="668" count="3" type="cond" truecount="2" falsecount="0"/>
      <line num="669" count="1" type="stmt"/>
      <line num="670" count="2" type="cond" truecount="1" falsecount="0"/>
      <line num="671" count="1" type="stmt"/>
      <line num="675" count="1" type="stmt"/>
      <line num="681" count="5" type="cond" truecount="2" falsecount="0"/>
      <line num="682" count="1" type="stmt"/>
      <line num="685" count="4" type="cond" truecount="2" falsecount="0"/>
      <line num="686" count="1" type="stmt"/>
      <line num="689" count="3" type="cond" truecount="2" falsecount="0"/>
      <line num="690" count="1" type="stmt"/>
      <line num="691" count="2" type="cond" truecount="1" falsecount="0"/>
      <line num="692" count="1" type="stmt"/>
      <line num="696" count="1" type="stmt"/>
      <line num="702" count="3" type="stmt"/>
      <line num="705" count="5" type="cond" truecount="2" falsecount="0"/>
      <line num="706" count="1" type="stmt"/>
      <line num="707" count="4" type="cond" truecount="2" falsecount="0"/>
      <line num="708" count="1" type="stmt"/>
      <line num="709" count="3" type="cond" truecount="2" falsecount="0"/>
      <line num="710" count="1" type="stmt"/>
      <line num="711" count="2" type="cond" truecount="2" falsecount="0"/>
      <line num="712" count="1" type="stmt"/>
      <line num="714" count="1" type="stmt"/>
      <line num="721" count="153" type="cond" truecount="2" falsecount="0"/>
      <line num="722" count="120" type="stmt"/>
      <line num="723" count="33" type="cond" truecount="2" falsecount="0"/>
      <line num="724" count="5" type="stmt"/>
      <line num="725" count="28" type="cond" truecount="2" falsecount="0"/>
      <line num="726" count="26" type="stmt"/>
      <line num="727" count="2" type="cond" truecount="2" falsecount="0"/>
      <line num="728" count="1" type="stmt"/>
      <line num="730" count="1" type="stmt"/>
      <line num="737" count="5" type="cond" truecount="2" falsecount="0"/>
      <line num="738" count="1" type="stmt"/>
      <line num="739" count="4" type="cond" truecount="2" falsecount="0"/>
      <line num="740" count="1" type="stmt"/>
      <line num="741" count="3" type="cond" truecount="2" falsecount="0"/>
      <line num="742" count="1" type="stmt"/>
      <line num="743" count="2" type="cond" truecount="2" falsecount="0"/>
      <line num="744" count="1" type="stmt"/>
      <line num="746" count="1" type="stmt"/>
      <line num="757" count="3" type="stmt"/>
      <line num="758" count="7" type="stmt"/>
      <line num="759" count="7" type="stmt"/>
      <line num="766" count="3" type="stmt"/>
      <line num="767" count="5" type="stmt"/>
      <line num="768" count="5" type="stmt"/>
      <line num="770" count="3" type="stmt"/>
      <line num="772" count="3" type="stmt"/>
    </file>
    <file name="GradientPicker.ts" path="/Users/steve/Desktop/dev/open-source/colors/classes/GradientPicker.ts">
      <metrics statements="18" coveredstatements="18" conditionals="0" coveredconditionals="0" methods="6" coveredmethods="6"/>
      <line num="10" count="1" type="stmt"/>
      <line num="13" count="5" type="stmt"/>
      <line num="14" count="5" type="stmt"/>
      <line num="15" count="5" type="stmt"/>
      <line num="16" count="5" type="stmt"/>
      <line num="18" count="5" type="stmt"/>
      <line num="20" count="5" type="stmt"/>
      <line num="21" count="15" type="stmt"/>
      <line num="22" count="15" type="stmt"/>
      <line num="25" count="5" type="stmt"/>
      <line num="26" count="5" type="stmt"/>
      <line num="30" count="5" type="stmt"/>
      <line num="31" count="1" type="stmt"/>
      <line num="32" count="3" type="stmt"/>
      <line num="37" count="5" type="stmt"/>
      <line num="38" count="2" type="stmt"/>
      <line num="39" count="2" type="stmt"/>
      <line num="41" count="1" type="stmt"/>
    </file>
    <file name="TonalPalette.ts" path="/Users/steve/Desktop/dev/open-source/colors/classes/TonalPalette.ts">
      <metrics statements="32" coveredstatements="32" conditionals="3" coveredconditionals="3" methods="8" coveredmethods="8"/>
      <line num="3" count="1" type="cond" truecount="2" falsecount="0"/>
      <line num="4" count="1" type="stmt"/>
      <line num="5" count="1" type="stmt"/>
      <line num="6" count="1" type="stmt"/>
      <line num="7" count="1" type="stmt"/>
      <line num="8" count="1" type="stmt"/>
      <line num="9" count="1" type="stmt"/>
      <line num="10" count="1" type="stmt"/>
      <line num="11" count="1" type="stmt"/>
      <line num="12" count="1" type="stmt"/>
      <line num="13" count="1" type="stmt"/>
      <line num="14" count="1" type="stmt"/>
      <line num="15" count="1" type="stmt"/>
      <line num="16" count="1" type="stmt"/>
      <line num="21" count="1" type="stmt"/>
      <line num="23" count="3" type="stmt"/>
      <line num="26" count="3" type="stmt"/>
      <line num="30" count="1" type="stmt"/>
      <line num="31" count="54" type="stmt"/>
      <line num="33" count="1" type="stmt"/>
      <line num="34" count="1" type="stmt"/>
      <line num="39" count="1" type="stmt"/>
      <line num="43" count="1" type="stmt"/>
      <line num="44" count="4" type="stmt"/>
      <line num="45" count="4" type="stmt"/>
      <line num="47" count="1" type="stmt"/>
      <line num="48" count="4" type="stmt"/>
      <line num="49" count="104" type="cond" truecount="1" falsecount="0"/>
      <line num="50" count="52" type="stmt"/>
      <line num="51" count="52" type="stmt"/>
      <line num="52" count="52" type="stmt"/>
      <line num="55" count="1" type="stmt"/>
    </file>
  </project>
</coverage>
