{"/Users/steve/Desktop/dev/open-source/colors/classes/Color.ts": {"path":"/Users/steve/Desktop/dev/open-source/colors/classes/Color.ts","statementMap":{"0":{"start":{"line":1,"column":0},"end":{"line":1,"column":44}},"1":{"start":{"line":2,"column":43},"end":{"line":2,"column":56}},"2":{"start":{"line":4,"column":0},"end":{"line":4,"column":13}},"3":{"start":{"line":9,"column":2},"end":{"line":9,"column":14}},"4":{"start":{"line":110,"column":10},"end":{"line":114,"column":4}},"5":{"start":{"line":111,"column":4},"end":{"line":111,"column":39}},"6":{"start":{"line":112,"column":4},"end":{"line":112,"column":42}},"7":{"start":{"line":113,"column":4},"end":{"line":113,"column":55}},"8":{"start":{"line":10,"column":4},"end":{"line":10,"column":24}},"9":{"start":{"line":11,"column":4},"end":{"line":11,"column":16}},"10":{"start":{"line":15,"column":2},"end":{"line":17,"column":null}},"11":{"start":{"line":16,"column":4},"end":{"line":16,"column":29}},"12":{"start":{"line":21,"column":2},"end":{"line":23,"column":null}},"13":{"start":{"line":22,"column":4},"end":{"line":22,"column":21}},"14":{"start":{"line":25,"column":2},"end":{"line":27,"column":null}},"15":{"start":{"line":26,"column":4},"end":{"line":26,"column":22}},"16":{"start":{"line":29,"column":2},"end":{"line":31,"column":null}},"17":{"start":{"line":30,"column":4},"end":{"line":30,"column":32}},"18":{"start":{"line":33,"column":2},"end":{"line":35,"column":null}},"19":{"start":{"line":34,"column":4},"end":{"line":34,"column":33}},"20":{"start":{"line":37,"column":2},"end":{"line":39,"column":null}},"21":{"start":{"line":38,"column":4},"end":{"line":38,"column":32}},"22":{"start":{"line":41,"column":2},"end":{"line":43,"column":null}},"23":{"start":{"line":42,"column":4},"end":{"line":42,"column":33}},"24":{"start":{"line":47,"column":2},"end":{"line":49,"column":null}},"25":{"start":{"line":48,"column":4},"end":{"line":48,"column":45}},"26":{"start":{"line":82,"column":4},"end":{"line":82,"column":54}},"27":{"start":{"line":51,"column":2},"end":{"line":53,"column":null}},"28":{"start":{"line":52,"column":4},"end":{"line":52,"column":47}},"29":{"start":{"line":86,"column":4},"end":{"line":86,"column":58}},"30":{"start":{"line":55,"column":2},"end":{"line":57,"column":null}},"31":{"start":{"line":56,"column":4},"end":{"line":56,"column":46}},"32":{"start":{"line":90,"column":4},"end":{"line":90,"column":56}},"33":{"start":{"line":59,"column":2},"end":{"line":61,"column":null}},"34":{"start":{"line":60,"column":4},"end":{"line":60,"column":33}},"35":{"start":{"line":94,"column":4},"end":{"line":94,"column":42}},"36":{"start":{"line":63,"column":2},"end":{"line":65,"column":null}},"37":{"start":{"line":64,"column":4},"end":{"line":64,"column":40}},"38":{"start":{"line":98,"column":4},"end":{"line":98,"column":56}},"39":{"start":{"line":67,"column":2},"end":{"line":69,"column":null}},"40":{"start":{"line":68,"column":4},"end":{"line":68,"column":39}},"41":{"start":{"line":102,"column":4},"end":{"line":102,"column":54}},"42":{"start":{"line":71,"column":2},"end":{"line":73,"column":null}},"43":{"start":{"line":72,"column":4},"end":{"line":72,"column":25}},"44":{"start":{"line":106,"column":4},"end":{"line":106,"column":50}},"45":{"start":{"line":75,"column":2},"end":{"line":77,"column":null}},"46":{"start":{"line":76,"column":4},"end":{"line":76,"column":40}},"47":{"start":{"line":117,"column":9},"end":{"line":120,"column":null}},"48":{"start":{"line":118,"column":4},"end":{"line":118,"column":24}},"49":{"start":{"line":119,"column":4},"end":{"line":119,"column":16}},"50":{"start":{"line":123,"column":9},"end":{"line":125,"column":null}},"51":{"start":{"line":124,"column":4},"end":{"line":124,"column":32}},"52":{"start":{"line":126,"column":0},"end":{"line":126,"column":null}},"53":{"start":{"line":4,"column":13},"end":{"line":4,"column":18}}},"fnMap":{"0":{"name":"(anonymous_0)","decl":{"start":{"line":4,"column":0},"end":{"line":4,"column":13}},"loc":{"start":{"line":4,"column":0},"end":{"line":126,"column":null}}},"1":{"name":"Color","decl":{"start":{"line":9,"column":2},"end":{"line":9,"column":14}},"loc":{"start":{"line":9,"column":27},"end":{"line":12,"column":3}}},"2":{"name":"(anonymous_2)","decl":{"start":{"line":110,"column":20},"end":{"line":110,"column":21}},"loc":{"start":{"line":110,"column":34},"end":{"line":114,"column":3}}},"3":{"name":"(anonymous_3)","decl":{"start":{"line":15,"column":2},"end":{"line":15,"column":6}},"loc":{"start":{"line":15,"column":2},"end":{"line":17,"column":3}}},"4":{"name":"(anonymous_4)","decl":{"start":{"line":21,"column":2},"end":{"line":21,"column":6}},"loc":{"start":{"line":21,"column":2},"end":{"line":23,"column":3}}},"5":{"name":"(anonymous_5)","decl":{"start":{"line":25,"column":2},"end":{"line":25,"column":6}},"loc":{"start":{"line":25,"column":2},"end":{"line":27,"column":3}}},"6":{"name":"(anonymous_6)","decl":{"start":{"line":29,"column":2},"end":{"line":29,"column":6}},"loc":{"start":{"line":29,"column":2},"end":{"line":31,"column":3}}},"7":{"name":"(anonymous_7)","decl":{"start":{"line":33,"column":2},"end":{"line":33,"column":6}},"loc":{"start":{"line":33,"column":2},"end":{"line":35,"column":3}}},"8":{"name":"(anonymous_8)","decl":{"start":{"line":37,"column":2},"end":{"line":37,"column":6}},"loc":{"start":{"line":37,"column":2},"end":{"line":39,"column":3}}},"9":{"name":"(anonymous_9)","decl":{"start":{"line":41,"column":2},"end":{"line":41,"column":6}},"loc":{"start":{"line":41,"column":2},"end":{"line":43,"column":3}}},"10":{"name":"(anonymous_10)","decl":{"start":{"line":47,"column":2},"end":{"line":47,"column":6}},"loc":{"start":{"line":47,"column":2},"end":{"line":49,"column":3}}},"11":{"name":"(anonymous_11)","decl":{"start":{"line":81,"column":2},"end":{"line":81,"column":10}},"loc":{"start":{"line":81,"column":21},"end":{"line":83,"column":3}}},"12":{"name":"(anonymous_12)","decl":{"start":{"line":51,"column":2},"end":{"line":51,"column":6}},"loc":{"start":{"line":51,"column":2},"end":{"line":53,"column":3}}},"13":{"name":"(anonymous_13)","decl":{"start":{"line":85,"column":2},"end":{"line":85,"column":12}},"loc":{"start":{"line":85,"column":25},"end":{"line":87,"column":3}}},"14":{"name":"(anonymous_14)","decl":{"start":{"line":55,"column":2},"end":{"line":55,"column":6}},"loc":{"start":{"line":55,"column":2},"end":{"line":57,"column":3}}},"15":{"name":"(anonymous_15)","decl":{"start":{"line":89,"column":2},"end":{"line":89,"column":11}},"loc":{"start":{"line":89,"column":23},"end":{"line":91,"column":3}}},"16":{"name":"(anonymous_16)","decl":{"start":{"line":59,"column":2},"end":{"line":59,"column":6}},"loc":{"start":{"line":59,"column":2},"end":{"line":61,"column":3}}},"17":{"name":"(anonymous_17)","decl":{"start":{"line":93,"column":2},"end":{"line":93,"column":10}},"loc":{"start":{"line":93,"column":21},"end":{"line":95,"column":3}}},"18":{"name":"(anonymous_18)","decl":{"start":{"line":63,"column":2},"end":{"line":63,"column":6}},"loc":{"start":{"line":63,"column":2},"end":{"line":65,"column":3}}},"19":{"name":"(anonymous_19)","decl":{"start":{"line":97,"column":2},"end":{"line":97,"column":17}},"loc":{"start":{"line":97,"column":35},"end":{"line":99,"column":3}}},"20":{"name":"(anonymous_20)","decl":{"start":{"line":67,"column":2},"end":{"line":67,"column":6}},"loc":{"start":{"line":67,"column":2},"end":{"line":69,"column":3}}},"21":{"name":"(anonymous_21)","decl":{"start":{"line":101,"column":2},"end":{"line":101,"column":16}},"loc":{"start":{"line":101,"column":33},"end":{"line":103,"column":3}}},"22":{"name":"(anonymous_22)","decl":{"start":{"line":71,"column":2},"end":{"line":71,"column":6}},"loc":{"start":{"line":71,"column":2},"end":{"line":73,"column":3}}},"23":{"name":"(anonymous_23)","decl":{"start":{"line":105,"column":2},"end":{"line":105,"column":14}},"loc":{"start":{"line":105,"column":29},"end":{"line":107,"column":3}}},"24":{"name":"(anonymous_24)","decl":{"start":{"line":75,"column":2},"end":{"line":75,"column":6}},"loc":{"start":{"line":75,"column":2},"end":{"line":77,"column":3}}},"25":{"name":"(anonymous_25)","decl":{"start":{"line":117,"column":2},"end":{"line":117,"column":9}},"loc":{"start":{"line":117,"column":26},"end":{"line":120,"column":3}}},"26":{"name":"(anonymous_26)","decl":{"start":{"line":123,"column":2},"end":{"line":123,"column":9}},"loc":{"start":{"line":123,"column":2},"end":{"line":125,"column":3}}}},"branchMap":{},"s":{"0":2,"1":10,"2":2,"3":81,"4":81,"5":148,"6":148,"7":148,"8":81,"9":81,"10":2,"11":2,"12":2,"13":22,"14":2,"15":77,"16":2,"17":1,"18":2,"19":1,"20":2,"21":14,"22":2,"23":1,"24":2,"25":1,"26":1,"27":2,"28":1,"29":1,"30":2,"31":1,"32":1,"33":2,"34":1,"35":2,"36":2,"37":1,"38":2,"39":2,"40":1,"41":54,"42":2,"43":2,"44":2,"45":2,"46":2,"47":2,"48":67,"49":67,"50":2,"51":53,"52":2,"53":2},"f":{"0":2,"1":81,"2":148,"3":2,"4":22,"5":77,"6":1,"7":1,"8":14,"9":1,"10":1,"11":1,"12":1,"13":1,"14":1,"15":1,"16":1,"17":2,"18":1,"19":2,"20":1,"21":54,"22":2,"23":2,"24":2,"25":67,"26":53},"b":{}}
,"/Users/steve/Desktop/dev/open-source/colors/classes/ColorUtility.ts": {"path":"/Users/steve/Desktop/dev/open-source/colors/classes/ColorUtility.ts","statementMap":{"0":{"start":{"line":1,"column":14},"end":{"line":3,"column":1}},"1":{"start":{"line":2,"column":1},"end":{"line":2,"column":44}},"2":{"start":{"line":4,"column":0},"end":{"line":4,"column":13}},"3":{"start":{"line":5,"column":8},"end":{"line":182,"column":3}},"4":{"start":{"line":8,"column":3},"end":{"line":11,"column":5}},"5":{"start":{"line":15,"column":3},"end":{"line":18,"column":6}},"6":{"start":{"line":16,"column":4},"end":{"line":18,"column":6}},"7":{"start":{"line":22,"column":3},"end":{"line":22,"column":57}},"8":{"start":{"line":27,"column":4},"end":{"line":27,"column":46}},"9":{"start":{"line":28,"column":4},"end":{"line":28,"column":55}},"10":{"start":{"line":32,"column":4},"end":{"line":32,"column":46}},"11":{"start":{"line":33,"column":4},"end":{"line":33,"column":55}},"12":{"start":{"line":37,"column":4},"end":{"line":37,"column":46}},"13":{"start":{"line":38,"column":4},"end":{"line":38,"column":55}},"14":{"start":{"line":42,"column":4},"end":{"line":42,"column":46}},"15":{"start":{"line":43,"column":4},"end":{"line":43,"column":60}},"16":{"start":{"line":49,"column":4},"end":{"line":49,"column":46}},"17":{"start":{"line":50,"column":18},"end":{"line":50,"column":58}},"18":{"start":{"line":51,"column":4},"end":{"line":51,"column":34}},"19":{"start":{"line":52,"column":4},"end":{"line":52,"column":43}},"20":{"start":{"line":56,"column":4},"end":{"line":56,"column":46}},"21":{"start":{"line":57,"column":18},"end":{"line":57,"column":58}},"22":{"start":{"line":58,"column":4},"end":{"line":58,"column":36}},"23":{"start":{"line":59,"column":4},"end":{"line":59,"column":43}},"24":{"start":{"line":63,"column":4},"end":{"line":63,"column":46}},"25":{"start":{"line":64,"column":18},"end":{"line":64,"column":58}},"26":{"start":{"line":65,"column":4},"end":{"line":65,"column":35}},"27":{"start":{"line":66,"column":4},"end":{"line":66,"column":43}},"28":{"start":{"line":70,"column":18},"end":{"line":70,"column":58}},"29":{"start":{"line":71,"column":4},"end":{"line":71,"column":45}},"30":{"start":{"line":71,"column":21},"end":{"line":71,"column":45}},"31":{"start":{"line":72,"column":4},"end":{"line":72,"column":36}},"32":{"start":{"line":73,"column":4},"end":{"line":73,"column":43}},"33":{"start":{"line":81,"column":3},"end":{"line":86,"column":27}},"34":{"start":{"line":86,"column":16},"end":{"line":86,"column":26}},"35":{"start":{"line":93,"column":3},"end":{"line":97,"column":16}},"36":{"start":{"line":104,"column":3},"end":{"line":104,"column":36}},"37":{"start":{"line":105,"column":3},"end":{"line":105,"column":37}},"38":{"start":{"line":106,"column":3},"end":{"line":106,"column":66}},"39":{"start":{"line":106,"column":32},"end":{"line":106,"column":66}},"40":{"start":{"line":108,"column":17},"end":{"line":108,"column":61}},"41":{"start":{"line":109,"column":3},"end":{"line":109,"column":49}},"42":{"start":{"line":109,"column":37},"end":{"line":109,"column":49}},"43":{"start":{"line":111,"column":3},"end":{"line":116,"column":null}},"44":{"start":{"line":115,"column":4},"end":{"line":115,"column":63}},"45":{"start":{"line":118,"column":3},"end":{"line":118,"column":37}},"46":{"start":{"line":119,"column":3},"end":{"line":119,"column":16}},"47":{"start":{"line":123,"column":3},"end":{"line":127,"column":null}},"48":{"start":{"line":124,"column":4},"end":{"line":126,"column":6}},"49":{"start":{"line":128,"column":13},"end":{"line":128,"column":40}},"50":{"start":{"line":128,"column":30},"end":{"line":128,"column":40}},"51":{"start":{"line":130,"column":3},"end":{"line":132,"column":null}},"52":{"start":{"line":131,"column":4},"end":{"line":131,"column":55}},"53":{"start":{"line":134,"column":3},"end":{"line":134,"column":32}},"54":{"start":{"line":139,"column":4},"end":{"line":139,"column":54}},"55":{"start":{"line":139,"column":41},"end":{"line":139,"column":54}},"56":{"start":{"line":140,"column":18},"end":{"line":140,"column":58}},"57":{"start":{"line":141,"column":4},"end":{"line":141,"column":60}},"58":{"start":{"line":141,"column":28},"end":{"line":141,"column":60}},"59":{"start":{"line":143,"column":4},"end":{"line":145,"column":17}},"60":{"start":{"line":144,"column":17},"end":{"line":144,"column":52}},"61":{"start":{"line":149,"column":25},"end":{"line":149,"column":65}},"62":{"start":{"line":149,"column":13},"end":{"line":149,"column":15}},"63":{"start":{"line":149,"column":17},"end":{"line":149,"column":19}},"64":{"start":{"line":149,"column":21},"end":{"line":149,"column":25}},"65":{"start":{"line":150,"column":14},"end":{"line":150,"column":22}},"66":{"start":{"line":151,"column":14},"end":{"line":151,"column":22}},"67":{"start":{"line":152,"column":14},"end":{"line":152,"column":22}},"68":{"start":{"line":153,"column":16},"end":{"line":153,"column":33}},"69":{"start":{"line":154,"column":16},"end":{"line":154,"column":33}},"70":{"start":{"line":156,"column":12},"end":{"line":156,"column":27}},"71":{"start":{"line":158,"column":4},"end":{"line":173,"column":null}},"72":{"start":{"line":159,"column":5},"end":{"line":159,"column":15}},"73":{"start":{"line":161,"column":13},"end":{"line":161,"column":22}},"74":{"start":{"line":162,"column":5},"end":{"line":162,"column":57}},"75":{"start":{"line":164,"column":5},"end":{"line":170,"column":null}},"76":{"start":{"line":165,"column":6},"end":{"line":165,"column":40}},"77":{"start":{"line":166,"column":12},"end":{"line":170,"column":null}},"78":{"start":{"line":167,"column":6},"end":{"line":167,"column":26}},"79":{"start":{"line":168,"column":12},"end":{"line":170,"column":null}},"80":{"start":{"line":169,"column":6},"end":{"line":169,"column":26}},"81":{"start":{"line":172,"column":5},"end":{"line":172,"column":12}},"82":{"start":{"line":174,"column":4},"end":{"line":174,"column":28}},"83":{"start":{"line":175,"column":4},"end":{"line":175,"column":28}},"84":{"start":{"line":176,"column":4},"end":{"line":176,"column":28}},"85":{"start":{"line":177,"column":14},"end":{"line":177,"column":49}},"86":{"start":{"line":179,"column":4},"end":{"line":179,"column":63}},"87":{"start":{"line":184,"column":8},"end":{"line":372,"column":3}},"88":{"start":{"line":187,"column":3},"end":{"line":190,"column":5}},"89":{"start":{"line":194,"column":3},"end":{"line":197,"column":6}},"90":{"start":{"line":195,"column":4},"end":{"line":197,"column":6}},"91":{"start":{"line":201,"column":3},"end":{"line":201,"column":57}},"92":{"start":{"line":206,"column":4},"end":{"line":206,"column":46}},"93":{"start":{"line":207,"column":4},"end":{"line":207,"column":55}},"94":{"start":{"line":211,"column":4},"end":{"line":211,"column":46}},"95":{"start":{"line":212,"column":4},"end":{"line":212,"column":55}},"96":{"start":{"line":216,"column":4},"end":{"line":216,"column":46}},"97":{"start":{"line":217,"column":4},"end":{"line":217,"column":55}},"98":{"start":{"line":221,"column":4},"end":{"line":221,"column":46}},"99":{"start":{"line":222,"column":4},"end":{"line":222,"column":60}},"100":{"start":{"line":228,"column":4},"end":{"line":228,"column":46}},"101":{"start":{"line":229,"column":18},"end":{"line":229,"column":58}},"102":{"start":{"line":232,"column":4},"end":{"line":232,"column":31}},"103":{"start":{"line":232,"column":20},"end":{"line":232,"column":31}},"104":{"start":{"line":233,"column":4},"end":{"line":233,"column":34}},"105":{"start":{"line":233,"column":23},"end":{"line":233,"column":34}},"106":{"start":{"line":234,"column":4},"end":{"line":234,"column":19}},"107":{"start":{"line":235,"column":4},"end":{"line":235,"column":43}},"108":{"start":{"line":239,"column":4},"end":{"line":239,"column":46}},"109":{"start":{"line":240,"column":18},"end":{"line":240,"column":58}},"110":{"start":{"line":241,"column":4},"end":{"line":241,"column":41}},"111":{"start":{"line":242,"column":4},"end":{"line":242,"column":43}},"112":{"start":{"line":246,"column":4},"end":{"line":246,"column":46}},"113":{"start":{"line":247,"column":18},"end":{"line":247,"column":58}},"114":{"start":{"line":248,"column":4},"end":{"line":248,"column":40}},"115":{"start":{"line":249,"column":4},"end":{"line":249,"column":43}},"116":{"start":{"line":253,"column":18},"end":{"line":253,"column":58}},"117":{"start":{"line":254,"column":4},"end":{"line":254,"column":45}},"118":{"start":{"line":254,"column":21},"end":{"line":254,"column":45}},"119":{"start":{"line":255,"column":4},"end":{"line":255,"column":36}},"120":{"start":{"line":256,"column":4},"end":{"line":256,"column":43}},"121":{"start":{"line":264,"column":3},"end":{"line":271,"column":27}},"122":{"start":{"line":271,"column":16},"end":{"line":271,"column":26}},"123":{"start":{"line":278,"column":3},"end":{"line":282,"column":16}},"124":{"start":{"line":286,"column":3},"end":{"line":290,"column":null}},"125":{"start":{"line":287,"column":4},"end":{"line":289,"column":6}},"126":{"start":{"line":291,"column":13},"end":{"line":291,"column":40}},"127":{"start":{"line":291,"column":30},"end":{"line":291,"column":40}},"128":{"start":{"line":292,"column":3},"end":{"line":292,"column":53}},"129":{"start":{"line":293,"column":3},"end":{"line":293,"column":49}},"130":{"start":{"line":294,"column":3},"end":{"line":294,"column":49}},"131":{"start":{"line":296,"column":3},"end":{"line":298,"column":null}},"132":{"start":{"line":297,"column":4},"end":{"line":297,"column":55}},"133":{"start":{"line":300,"column":3},"end":{"line":300,"column":32}},"134":{"start":{"line":307,"column":3},"end":{"line":307,"column":36}},"135":{"start":{"line":308,"column":3},"end":{"line":308,"column":37}},"136":{"start":{"line":309,"column":3},"end":{"line":309,"column":66}},"137":{"start":{"line":309,"column":32},"end":{"line":309,"column":66}},"138":{"start":{"line":311,"column":17},"end":{"line":311,"column":61}},"139":{"start":{"line":312,"column":3},"end":{"line":312,"column":49}},"140":{"start":{"line":312,"column":37},"end":{"line":312,"column":49}},"141":{"start":{"line":314,"column":3},"end":{"line":314,"column":69}},"142":{"start":{"line":315,"column":3},"end":{"line":315,"column":65}},"143":{"start":{"line":316,"column":3},"end":{"line":316,"column":65}},"144":{"start":{"line":317,"column":3},"end":{"line":322,"column":null}},"145":{"start":{"line":321,"column":4},"end":{"line":321,"column":63}},"146":{"start":{"line":324,"column":3},"end":{"line":324,"column":37}},"147":{"start":{"line":325,"column":3},"end":{"line":325,"column":16}},"148":{"start":{"line":330,"column":18},"end":{"line":331,"column":null}},"149":{"start":{"line":333,"column":14},"end":{"line":333,"column":49}},"150":{"start":{"line":334,"column":14},"end":{"line":334,"column":47}},"151":{"start":{"line":335,"column":14},"end":{"line":335,"column":47}},"152":{"start":{"line":337,"column":18},"end":{"line":337,"column":25}},"153":{"start":{"line":338,"column":14},"end":{"line":338,"column":52}},"154":{"start":{"line":339,"column":14},"end":{"line":346,"column":5}},"155":{"start":{"line":340,"column":15},"end":{"line":340,"column":32}},"156":{"start":{"line":342,"column":6},"end":{"line":342,"column":57}},"157":{"start":{"line":343,"column":5},"end":{"line":345,"column":24}},"158":{"start":{"line":347,"column":14},"end":{"line":348,"column":null}},"159":{"start":{"line":350,"column":17},"end":{"line":350,"column":48}},"160":{"start":{"line":351,"column":4},"end":{"line":351,"column":60}},"161":{"start":{"line":355,"column":4},"end":{"line":355,"column":54}},"162":{"start":{"line":355,"column":41},"end":{"line":355,"column":54}},"163":{"start":{"line":356,"column":16},"end":{"line":356,"column":46}},"164":{"start":{"line":357,"column":4},"end":{"line":357,"column":40}},"165":{"start":{"line":361,"column":18},"end":{"line":361,"column":51}},"166":{"start":{"line":362,"column":4},"end":{"line":362,"column":38}},"167":{"start":{"line":362,"column":26},"end":{"line":362,"column":38}},"168":{"start":{"line":363,"column":4},"end":{"line":363,"column":43}},"169":{"start":{"line":367,"column":18},"end":{"line":367,"column":51}},"170":{"start":{"line":368,"column":4},"end":{"line":368,"column":31}},"171":{"start":{"line":369,"column":4},"end":{"line":369,"column":43}},"172":{"start":{"line":374,"column":8},"end":{"line":543,"column":3}},"173":{"start":{"line":377,"column":3},"end":{"line":377,"column":66}},"174":{"start":{"line":381,"column":3},"end":{"line":384,"column":6}},"175":{"start":{"line":382,"column":4},"end":{"line":384,"column":6}},"176":{"start":{"line":388,"column":3},"end":{"line":388,"column":53}},"177":{"start":{"line":393,"column":4},"end":{"line":393,"column":46}},"178":{"start":{"line":394,"column":4},"end":{"line":394,"column":48}},"179":{"start":{"line":398,"column":4},"end":{"line":398,"column":46}},"180":{"start":{"line":399,"column":4},"end":{"line":399,"column":48}},"181":{"start":{"line":403,"column":4},"end":{"line":403,"column":46}},"182":{"start":{"line":404,"column":4},"end":{"line":404,"column":48}},"183":{"start":{"line":408,"column":4},"end":{"line":408,"column":46}},"184":{"start":{"line":409,"column":18},"end":{"line":409,"column":51}},"185":{"start":{"line":410,"column":4},"end":{"line":410,"column":48}},"186":{"start":{"line":414,"column":4},"end":{"line":414,"column":46}},"187":{"start":{"line":415,"column":16},"end":{"line":415,"column":55}},"188":{"start":{"line":416,"column":4},"end":{"line":416,"column":43}},"189":{"start":{"line":420,"column":4},"end":{"line":420,"column":46}},"190":{"start":{"line":421,"column":18},"end":{"line":421,"column":59}},"191":{"start":{"line":422,"column":4},"end":{"line":422,"column":45}},"192":{"start":{"line":426,"column":4},"end":{"line":426,"column":46}},"193":{"start":{"line":427,"column":17},"end":{"line":427,"column":57}},"194":{"start":{"line":428,"column":4},"end":{"line":428,"column":44}},"195":{"start":{"line":432,"column":4},"end":{"line":432,"column":46}},"196":{"start":{"line":433,"column":20},"end":{"line":433,"column":63}},"197":{"start":{"line":434,"column":4},"end":{"line":436,"column":6}},"198":{"start":{"line":442,"column":4},"end":{"line":442,"column":46}},"199":{"start":{"line":443,"column":18},"end":{"line":443,"column":51}},"200":{"start":{"line":444,"column":4},"end":{"line":444,"column":19}},"201":{"start":{"line":445,"column":4},"end":{"line":445,"column":43}},"202":{"start":{"line":449,"column":4},"end":{"line":449,"column":46}},"203":{"start":{"line":450,"column":18},"end":{"line":450,"column":51}},"204":{"start":{"line":451,"column":4},"end":{"line":451,"column":21}},"205":{"start":{"line":452,"column":4},"end":{"line":452,"column":43}},"206":{"start":{"line":456,"column":4},"end":{"line":456,"column":46}},"207":{"start":{"line":457,"column":18},"end":{"line":457,"column":51}},"208":{"start":{"line":458,"column":4},"end":{"line":458,"column":20}},"209":{"start":{"line":459,"column":4},"end":{"line":459,"column":43}},"210":{"start":{"line":463,"column":18},"end":{"line":463,"column":51}},"211":{"start":{"line":464,"column":4},"end":{"line":464,"column":23}},"212":{"start":{"line":465,"column":4},"end":{"line":465,"column":43}},"213":{"start":{"line":470,"column":3},"end":{"line":473,"column":6}},"214":{"start":{"line":471,"column":4},"end":{"line":473,"column":6}},"215":{"start":{"line":475,"column":3},"end":{"line":475,"column":51}},"216":{"start":{"line":475,"column":38},"end":{"line":475,"column":51}},"217":{"start":{"line":477,"column":18},"end":{"line":477,"column":33}},"218":{"start":{"line":478,"column":3},"end":{"line":478,"column":34}},"219":{"start":{"line":479,"column":3},"end":{"line":479,"column":34}},"220":{"start":{"line":480,"column":3},"end":{"line":480,"column":34}},"221":{"start":{"line":481,"column":3},"end":{"line":481,"column":59}},"222":{"start":{"line":481,"column":28},"end":{"line":481,"column":59}},"223":{"start":{"line":482,"column":3},"end":{"line":482,"column":26}},"224":{"start":{"line":489,"column":3},"end":{"line":489,"column":45}},"225":{"start":{"line":491,"column":17},"end":{"line":494,"column":14}},"226":{"start":{"line":495,"column":17},"end":{"line":495,"column":19}},"227":{"start":{"line":496,"column":3},"end":{"line":498,"column":null}},"228":{"start":{"line":496,"column":16},"end":{"line":496,"column":17}},"229":{"start":{"line":497,"column":4},"end":{"line":497,"column":59}},"230":{"start":{"line":499,"column":3},"end":{"line":499,"column":16}},"231":{"start":{"line":506,"column":3},"end":{"line":510,"column":null}},"232":{"start":{"line":507,"column":4},"end":{"line":509,"column":6}},"233":{"start":{"line":511,"column":13},"end":{"line":512,"column":null}},"234":{"start":{"line":512,"column":4},"end":{"line":512,"column":null}},"235":{"start":{"line":514,"column":3},"end":{"line":514,"column":27}},"236":{"start":{"line":519,"column":4},"end":{"line":519,"column":50}},"237":{"start":{"line":519,"column":39},"end":{"line":519,"column":50}},"238":{"start":{"line":520,"column":14},"end":{"line":520,"column":40}},"239":{"start":{"line":521,"column":18},"end":{"line":521,"column":56}},"240":{"start":{"line":522,"column":4},"end":{"line":523,"column":52}},"241":{"start":{"line":523,"column":5},"end":{"line":523,"column":52}},"242":{"start":{"line":524,"column":4},"end":{"line":524,"column":37}},"243":{"start":{"line":528,"column":4},"end":{"line":528,"column":50}},"244":{"start":{"line":528,"column":39},"end":{"line":528,"column":50}},"245":{"start":{"line":529,"column":16},"end":{"line":529,"column":44}},"246":{"start":{"line":530,"column":18},"end":{"line":530,"column":56}},"247":{"start":{"line":531,"column":14},"end":{"line":531,"column":42}},"248":{"start":{"line":532,"column":4},"end":{"line":532,"column":58}},"249":{"start":{"line":532,"column":28},"end":{"line":532,"column":58}},"250":{"start":{"line":533,"column":4},"end":{"line":533,"column":15}},"251":{"start":{"line":540,"column":4},"end":{"line":540,"column":46}},"252":{"start":{"line":545,"column":8},"end":{"line":574,"column":3}},"253":{"start":{"line":548,"column":3},"end":{"line":548,"column":51}},"254":{"start":{"line":552,"column":3},"end":{"line":555,"column":6}},"255":{"start":{"line":553,"column":4},"end":{"line":555,"column":6}},"256":{"start":{"line":560,"column":4},"end":{"line":560,"column":46}},"257":{"start":{"line":561,"column":4},"end":{"line":561,"column":30}},"258":{"start":{"line":565,"column":4},"end":{"line":565,"column":46}},"259":{"start":{"line":566,"column":4},"end":{"line":566,"column":55}},"260":{"start":{"line":570,"column":4},"end":{"line":570,"column":46}},"261":{"start":{"line":571,"column":4},"end":{"line":571,"column":55}},"262":{"start":{"line":576,"column":8},"end":{"line":700,"column":3}},"263":{"start":{"line":579,"column":3},"end":{"line":586,"column":68}},"264":{"start":{"line":580,"column":4},"end":{"line":580,"column":51}},"265":{"start":{"line":581,"column":8},"end":{"line":586,"column":68}},"266":{"start":{"line":582,"column":4},"end":{"line":582,"column":43}},"267":{"start":{"line":583,"column":8},"end":{"line":586,"column":68}},"268":{"start":{"line":584,"column":4},"end":{"line":584,"column":68}},"269":{"start":{"line":585,"column":8},"end":{"line":586,"column":68}},"270":{"start":{"line":586,"column":4},"end":{"line":586,"column":68}},"271":{"start":{"line":588,"column":3},"end":{"line":590,"column":5}},"272":{"start":{"line":594,"column":3},"end":{"line":605,"column":6}},"273":{"start":{"line":595,"column":4},"end":{"line":595,"column":53}},"274":{"start":{"line":596,"column":8},"end":{"line":605,"column":6}},"275":{"start":{"line":597,"column":4},"end":{"line":597,"column":45}},"276":{"start":{"line":598,"column":8},"end":{"line":605,"column":6}},"277":{"start":{"line":599,"column":4},"end":{"line":601,"column":6}},"278":{"start":{"line":602,"column":8},"end":{"line":605,"column":6}},"279":{"start":{"line":603,"column":4},"end":{"line":605,"column":6}},"280":{"start":{"line":607,"column":3},"end":{"line":609,"column":5}},"281":{"start":{"line":613,"column":3},"end":{"line":624,"column":6}},"282":{"start":{"line":614,"column":4},"end":{"line":614,"column":52}},"283":{"start":{"line":615,"column":8},"end":{"line":624,"column":6}},"284":{"start":{"line":616,"column":4},"end":{"line":616,"column":44}},"285":{"start":{"line":617,"column":8},"end":{"line":624,"column":6}},"286":{"start":{"line":618,"column":4},"end":{"line":620,"column":6}},"287":{"start":{"line":621,"column":8},"end":{"line":624,"column":6}},"288":{"start":{"line":622,"column":4},"end":{"line":624,"column":6}},"289":{"start":{"line":626,"column":3},"end":{"line":628,"column":5}},"290":{"start":{"line":632,"column":3},"end":{"line":638,"column":54}},"291":{"start":{"line":633,"column":4},"end":{"line":633,"column":55}},"292":{"start":{"line":634,"column":8},"end":{"line":638,"column":54}},"293":{"start":{"line":635,"column":4},"end":{"line":635,"column":47}},"294":{"start":{"line":636,"column":8},"end":{"line":638,"column":54}},"295":{"start":{"line":637,"column":4},"end":{"line":637,"column":47}},"296":{"start":{"line":638,"column":8},"end":{"line":638,"column":54}},"297":{"start":{"line":638,"column":45},"end":{"line":638,"column":54}},"298":{"start":{"line":639,"column":3},"end":{"line":641,"column":5}},"299":{"start":{"line":645,"column":3},"end":{"line":652,"column":68}},"300":{"start":{"line":646,"column":4},"end":{"line":646,"column":68}},"301":{"start":{"line":647,"column":8},"end":{"line":652,"column":68}},"302":{"start":{"line":648,"column":4},"end":{"line":648,"column":68}},"303":{"start":{"line":649,"column":8},"end":{"line":652,"column":68}},"304":{"start":{"line":650,"column":4},"end":{"line":650,"column":43}},"305":{"start":{"line":651,"column":8},"end":{"line":652,"column":68}},"306":{"start":{"line":652,"column":4},"end":{"line":652,"column":68}},"307":{"start":{"line":654,"column":3},"end":{"line":656,"column":5}},"308":{"start":{"line":660,"column":3},"end":{"line":673,"column":6}},"309":{"start":{"line":661,"column":4},"end":{"line":663,"column":6}},"310":{"start":{"line":664,"column":8},"end":{"line":673,"column":6}},"311":{"start":{"line":665,"column":4},"end":{"line":667,"column":6}},"312":{"start":{"line":668,"column":8},"end":{"line":673,"column":6}},"313":{"start":{"line":669,"column":4},"end":{"line":669,"column":50}},"314":{"start":{"line":670,"column":8},"end":{"line":673,"column":6}},"315":{"start":{"line":671,"column":4},"end":{"line":673,"column":6}},"316":{"start":{"line":675,"column":3},"end":{"line":677,"column":5}},"317":{"start":{"line":681,"column":3},"end":{"line":694,"column":6}},"318":{"start":{"line":682,"column":4},"end":{"line":684,"column":6}},"319":{"start":{"line":685,"column":8},"end":{"line":694,"column":6}},"320":{"start":{"line":686,"column":4},"end":{"line":688,"column":6}},"321":{"start":{"line":689,"column":8},"end":{"line":694,"column":6}},"322":{"start":{"line":690,"column":4},"end":{"line":690,"column":49}},"323":{"start":{"line":691,"column":8},"end":{"line":694,"column":6}},"324":{"start":{"line":692,"column":4},"end":{"line":694,"column":6}},"325":{"start":{"line":696,"column":3},"end":{"line":698,"column":5}},"326":{"start":{"line":702,"column":8},"end":{"line":751,"column":3}},"327":{"start":{"line":705,"column":3},"end":{"line":717,"column":null}},"328":{"start":{"line":706,"column":4},"end":{"line":706,"column":41}},"329":{"start":{"line":707,"column":10},"end":{"line":717,"column":null}},"330":{"start":{"line":708,"column":4},"end":{"line":708,"column":42}},"331":{"start":{"line":709,"column":10},"end":{"line":717,"column":null}},"332":{"start":{"line":710,"column":4},"end":{"line":710,"column":42}},"333":{"start":{"line":711,"column":10},"end":{"line":717,"column":null}},"334":{"start":{"line":712,"column":4},"end":{"line":712,"column":42}},"335":{"start":{"line":714,"column":4},"end":{"line":716,"column":6}},"336":{"start":{"line":721,"column":3},"end":{"line":733,"column":null}},"337":{"start":{"line":722,"column":4},"end":{"line":722,"column":41}},"338":{"start":{"line":723,"column":10},"end":{"line":733,"column":null}},"339":{"start":{"line":724,"column":4},"end":{"line":724,"column":42}},"340":{"start":{"line":725,"column":10},"end":{"line":733,"column":null}},"341":{"start":{"line":726,"column":4},"end":{"line":726,"column":42}},"342":{"start":{"line":727,"column":10},"end":{"line":733,"column":null}},"343":{"start":{"line":728,"column":4},"end":{"line":728,"column":42}},"344":{"start":{"line":730,"column":4},"end":{"line":732,"column":6}},"345":{"start":{"line":737,"column":3},"end":{"line":749,"column":null}},"346":{"start":{"line":738,"column":4},"end":{"line":738,"column":41}},"347":{"start":{"line":739,"column":10},"end":{"line":749,"column":null}},"348":{"start":{"line":740,"column":4},"end":{"line":740,"column":42}},"349":{"start":{"line":741,"column":10},"end":{"line":749,"column":null}},"350":{"start":{"line":742,"column":4},"end":{"line":742,"column":42}},"351":{"start":{"line":743,"column":10},"end":{"line":749,"column":null}},"352":{"start":{"line":744,"column":4},"end":{"line":744,"column":42}},"353":{"start":{"line":746,"column":4},"end":{"line":748,"column":6}},"354":{"start":{"line":757,"column":8},"end":{"line":760,"column":3}},"355":{"start":{"line":758,"column":16},"end":{"line":758,"column":49}},"356":{"start":{"line":759,"column":2},"end":{"line":759,"column":57}},"357":{"start":{"line":766,"column":8},"end":{"line":769,"column":3}},"358":{"start":{"line":767,"column":16},"end":{"line":767,"column":45}},"359":{"start":{"line":768,"column":2},"end":{"line":768,"column":57}},"360":{"start":{"line":770,"column":0},"end":{"line":770,"column":null}},"361":{"start":{"line":4,"column":13},"end":{"line":4,"column":25}},"362":{"start":{"line":772,"column":13},"end":{"line":921,"column":2}}},"fnMap":{"0":{"name":"(anonymous_0)","decl":{"start":{"line":1,"column":14},"end":{"line":1,"column":15}},"loc":{"start":{"line":1,"column":54},"end":{"line":3,"column":1}}},"1":{"name":"(anonymous_1)","decl":{"start":{"line":4,"column":0},"end":{"line":4,"column":13}},"loc":{"start":{"line":4,"column":0},"end":{"line":4,"column":13}}},"2":{"name":"(anonymous_3)","decl":{"start":{"line":7,"column":11},"end":{"line":7,"column":12}},"loc":{"start":{"line":7,"column":25},"end":{"line":12,"column":3}}},"3":{"name":"(anonymous_4)","decl":{"start":{"line":14,"column":21},"end":{"line":14,"column":22}},"loc":{"start":{"line":14,"column":35},"end":{"line":19,"column":3}}},"4":{"name":"(anonymous_5)","decl":{"start":{"line":21,"column":10},"end":{"line":21,"column":11}},"loc":{"start":{"line":21,"column":24},"end":{"line":23,"column":3}}},"5":{"name":"(anonymous_6)","decl":{"start":{"line":26,"column":8},"end":{"line":26,"column":9}},"loc":{"start":{"line":26,"column":22},"end":{"line":29,"column":4}}},"6":{"name":"(anonymous_7)","decl":{"start":{"line":31,"column":10},"end":{"line":31,"column":11}},"loc":{"start":{"line":31,"column":24},"end":{"line":34,"column":4}}},"7":{"name":"(anonymous_8)","decl":{"start":{"line":36,"column":9},"end":{"line":36,"column":10}},"loc":{"start":{"line":36,"column":23},"end":{"line":39,"column":4}}},"8":{"name":"(anonymous_9)","decl":{"start":{"line":41,"column":12},"end":{"line":41,"column":13}},"loc":{"start":{"line":41,"column":26},"end":{"line":44,"column":4}}},"9":{"name":"(anonymous_10)","decl":{"start":{"line":48,"column":8},"end":{"line":48,"column":9}},"loc":{"start":{"line":48,"column":35},"end":{"line":53,"column":4}}},"10":{"name":"(anonymous_11)","decl":{"start":{"line":55,"column":10},"end":{"line":55,"column":11}},"loc":{"start":{"line":55,"column":39},"end":{"line":60,"column":4}}},"11":{"name":"(anonymous_12)","decl":{"start":{"line":62,"column":9},"end":{"line":62,"column":10}},"loc":{"start":{"line":62,"column":37},"end":{"line":67,"column":4}}},"12":{"name":"(anonymous_13)","decl":{"start":{"line":69,"column":12},"end":{"line":69,"column":13}},"loc":{"start":{"line":69,"column":43},"end":{"line":74,"column":4}}},"13":{"name":"(anonymous_14)","decl":{"start":{"line":80,"column":20},"end":{"line":80,"column":21}},"loc":{"start":{"line":80,"column":34},"end":{"line":87,"column":3}}},"14":{"name":"(anonymous_15)","decl":{"start":{"line":86,"column":9},"end":{"line":86,"column":10}},"loc":{"start":{"line":86,"column":11},"end":{"line":86,"column":22}}},"15":{"name":"(anonymous_16)","decl":{"start":{"line":92,"column":13},"end":{"line":92,"column":14}},"loc":{"start":{"line":92,"column":27},"end":{"line":98,"column":3}}},"16":{"name":"(anonymous_17)","decl":{"start":{"line":103,"column":9},"end":{"line":103,"column":10}},"loc":{"start":{"line":103,"column":23},"end":{"line":120,"column":3}}},"17":{"name":"(anonymous_18)","decl":{"start":{"line":122,"column":11},"end":{"line":122,"column":12}},"loc":{"start":{"line":122,"column":38},"end":{"line":135,"column":3}}},"18":{"name":"(anonymous_19)","decl":{"start":{"line":128,"column":23},"end":{"line":128,"column":24}},"loc":{"start":{"line":128,"column":25},"end":{"line":128,"column":36}}},"19":{"name":"(anonymous_20)","decl":{"start":{"line":138,"column":8},"end":{"line":138,"column":9}},"loc":{"start":{"line":138,"column":22},"end":{"line":146,"column":4}}},"20":{"name":"(anonymous_21)","decl":{"start":{"line":144,"column":10},"end":{"line":144,"column":11}},"loc":{"start":{"line":144,"column":12},"end":{"line":144,"column":18}}},"21":{"name":"(anonymous_22)","decl":{"start":{"line":148,"column":8},"end":{"line":148,"column":9}},"loc":{"start":{"line":148,"column":22},"end":{"line":180,"column":4}}},"22":{"name":"(anonymous_23)","decl":{"start":{"line":186,"column":11},"end":{"line":186,"column":12}},"loc":{"start":{"line":186,"column":25},"end":{"line":191,"column":3}}},"23":{"name":"(anonymous_24)","decl":{"start":{"line":193,"column":21},"end":{"line":193,"column":22}},"loc":{"start":{"line":193,"column":35},"end":{"line":198,"column":3}}},"24":{"name":"(anonymous_25)","decl":{"start":{"line":200,"column":10},"end":{"line":200,"column":11}},"loc":{"start":{"line":200,"column":24},"end":{"line":202,"column":3}}},"25":{"name":"(anonymous_26)","decl":{"start":{"line":205,"column":8},"end":{"line":205,"column":9}},"loc":{"start":{"line":205,"column":22},"end":{"line":208,"column":4}}},"26":{"name":"(anonymous_27)","decl":{"start":{"line":210,"column":15},"end":{"line":210,"column":16}},"loc":{"start":{"line":210,"column":29},"end":{"line":213,"column":4}}},"27":{"name":"(anonymous_28)","decl":{"start":{"line":215,"column":14},"end":{"line":215,"column":15}},"loc":{"start":{"line":215,"column":28},"end":{"line":218,"column":4}}},"28":{"name":"(anonymous_29)","decl":{"start":{"line":220,"column":12},"end":{"line":220,"column":13}},"loc":{"start":{"line":220,"column":26},"end":{"line":223,"column":4}}},"29":{"name":"(anonymous_30)","decl":{"start":{"line":227,"column":8},"end":{"line":227,"column":9}},"loc":{"start":{"line":227,"column":35},"end":{"line":236,"column":4}}},"30":{"name":"(anonymous_31)","decl":{"start":{"line":238,"column":15},"end":{"line":238,"column":16}},"loc":{"start":{"line":238,"column":49},"end":{"line":243,"column":4}}},"31":{"name":"(anonymous_32)","decl":{"start":{"line":245,"column":14},"end":{"line":245,"column":15}},"loc":{"start":{"line":245,"column":47},"end":{"line":250,"column":4}}},"32":{"name":"(anonymous_33)","decl":{"start":{"line":252,"column":12},"end":{"line":252,"column":13}},"loc":{"start":{"line":252,"column":43},"end":{"line":257,"column":4}}},"33":{"name":"(anonymous_34)","decl":{"start":{"line":263,"column":20},"end":{"line":263,"column":21}},"loc":{"start":{"line":263,"column":34},"end":{"line":272,"column":3}}},"34":{"name":"(anonymous_35)","decl":{"start":{"line":271,"column":9},"end":{"line":271,"column":10}},"loc":{"start":{"line":271,"column":11},"end":{"line":271,"column":22}}},"35":{"name":"(anonymous_36)","decl":{"start":{"line":277,"column":13},"end":{"line":277,"column":14}},"loc":{"start":{"line":277,"column":27},"end":{"line":283,"column":3}}},"36":{"name":"(anonymous_37)","decl":{"start":{"line":285,"column":11},"end":{"line":285,"column":12}},"loc":{"start":{"line":285,"column":38},"end":{"line":301,"column":3}}},"37":{"name":"(anonymous_38)","decl":{"start":{"line":291,"column":23},"end":{"line":291,"column":24}},"loc":{"start":{"line":291,"column":25},"end":{"line":291,"column":36}}},"38":{"name":"(anonymous_39)","decl":{"start":{"line":306,"column":9},"end":{"line":306,"column":10}},"loc":{"start":{"line":306,"column":23},"end":{"line":326,"column":3}}},"39":{"name":"(anonymous_40)","decl":{"start":{"line":329,"column":8},"end":{"line":329,"column":9}},"loc":{"start":{"line":329,"column":22},"end":{"line":352,"column":4}}},"40":{"name":"(anonymous_41)","decl":{"start":{"line":339,"column":14},"end":{"line":339,"column":15}},"loc":{"start":{"line":339,"column":24},"end":{"line":346,"column":5}}},"41":{"name":"(anonymous_42)","decl":{"start":{"line":354,"column":8},"end":{"line":354,"column":9}},"loc":{"start":{"line":354,"column":22},"end":{"line":358,"column":4}}},"42":{"name":"(anonymous_43)","decl":{"start":{"line":360,"column":8},"end":{"line":360,"column":9}},"loc":{"start":{"line":360,"column":22},"end":{"line":364,"column":4}}},"43":{"name":"(anonymous_44)","decl":{"start":{"line":366,"column":9},"end":{"line":366,"column":10}},"loc":{"start":{"line":366,"column":40},"end":{"line":370,"column":4}}},"44":{"name":"(anonymous_45)","decl":{"start":{"line":376,"column":11},"end":{"line":376,"column":12}},"loc":{"start":{"line":376,"column":25},"end":{"line":378,"column":3}}},"45":{"name":"(anonymous_46)","decl":{"start":{"line":380,"column":21},"end":{"line":380,"column":22}},"loc":{"start":{"line":380,"column":35},"end":{"line":385,"column":3}}},"46":{"name":"(anonymous_47)","decl":{"start":{"line":387,"column":28},"end":{"line":387,"column":29}},"loc":{"start":{"line":387,"column":42},"end":{"line":389,"column":3}}},"47":{"name":"(anonymous_48)","decl":{"start":{"line":392,"column":16},"end":{"line":392,"column":17}},"loc":{"start":{"line":392,"column":30},"end":{"line":395,"column":4}}},"48":{"name":"(anonymous_49)","decl":{"start":{"line":397,"column":18},"end":{"line":397,"column":19}},"loc":{"start":{"line":397,"column":32},"end":{"line":400,"column":4}}},"49":{"name":"(anonymous_50)","decl":{"start":{"line":402,"column":17},"end":{"line":402,"column":18}},"loc":{"start":{"line":402,"column":31},"end":{"line":405,"column":4}}},"50":{"name":"(anonymous_51)","decl":{"start":{"line":407,"column":20},"end":{"line":407,"column":21}},"loc":{"start":{"line":407,"column":34},"end":{"line":411,"column":4}}},"51":{"name":"(anonymous_52)","decl":{"start":{"line":413,"column":16},"end":{"line":413,"column":17}},"loc":{"start":{"line":413,"column":30},"end":{"line":417,"column":4}}},"52":{"name":"(anonymous_53)","decl":{"start":{"line":419,"column":18},"end":{"line":419,"column":19}},"loc":{"start":{"line":419,"column":32},"end":{"line":423,"column":4}}},"53":{"name":"(anonymous_54)","decl":{"start":{"line":425,"column":17},"end":{"line":425,"column":18}},"loc":{"start":{"line":425,"column":31},"end":{"line":429,"column":4}}},"54":{"name":"(anonymous_55)","decl":{"start":{"line":431,"column":20},"end":{"line":431,"column":21}},"loc":{"start":{"line":431,"column":34},"end":{"line":437,"column":4}}},"55":{"name":"(anonymous_56)","decl":{"start":{"line":441,"column":8},"end":{"line":441,"column":9}},"loc":{"start":{"line":441,"column":35},"end":{"line":446,"column":4}}},"56":{"name":"(anonymous_57)","decl":{"start":{"line":448,"column":10},"end":{"line":448,"column":11}},"loc":{"start":{"line":448,"column":39},"end":{"line":453,"column":4}}},"57":{"name":"(anonymous_58)","decl":{"start":{"line":455,"column":9},"end":{"line":455,"column":10}},"loc":{"start":{"line":455,"column":37},"end":{"line":460,"column":4}}},"58":{"name":"(anonymous_59)","decl":{"start":{"line":462,"column":12},"end":{"line":462,"column":13}},"loc":{"start":{"line":462,"column":43},"end":{"line":466,"column":4}}},"59":{"name":"(anonymous_60)","decl":{"start":{"line":469,"column":9},"end":{"line":469,"column":10}},"loc":{"start":{"line":469,"column":23},"end":{"line":483,"column":3}}},"60":{"name":"(anonymous_61)","decl":{"start":{"line":488,"column":13},"end":{"line":488,"column":14}},"loc":{"start":{"line":488,"column":27},"end":{"line":500,"column":3}}},"61":{"name":"(anonymous_62)","decl":{"start":{"line":505,"column":11},"end":{"line":505,"column":12}},"loc":{"start":{"line":505,"column":27},"end":{"line":515,"column":3}}},"62":{"name":"(anonymous_63)","decl":{"start":{"line":511,"column":23},"end":{"line":511,"column":24}},"loc":{"start":{"line":511,"column":25},"end":{"line":512,"column":5}}},"63":{"name":"(anonymous_64)","decl":{"start":{"line":518,"column":8},"end":{"line":518,"column":9}},"loc":{"start":{"line":518,"column":20},"end":{"line":525,"column":4}}},"64":{"name":"(anonymous_65)","decl":{"start":{"line":527,"column":8},"end":{"line":527,"column":9}},"loc":{"start":{"line":527,"column":20},"end":{"line":534,"column":4}}},"65":{"name":"(anonymous_66)","decl":{"start":{"line":539,"column":11},"end":{"line":539,"column":12}},"loc":{"start":{"line":539,"column":23},"end":{"line":541,"column":4}}},"66":{"name":"(anonymous_67)","decl":{"start":{"line":547,"column":11},"end":{"line":547,"column":12}},"loc":{"start":{"line":547,"column":25},"end":{"line":549,"column":3}}},"67":{"name":"(anonymous_68)","decl":{"start":{"line":551,"column":21},"end":{"line":551,"column":22}},"loc":{"start":{"line":551,"column":35},"end":{"line":556,"column":3}}},"68":{"name":"(anonymous_69)","decl":{"start":{"line":559,"column":8},"end":{"line":559,"column":9}},"loc":{"start":{"line":559,"column":22},"end":{"line":562,"column":4}}},"69":{"name":"(anonymous_70)","decl":{"start":{"line":564,"column":8},"end":{"line":564,"column":9}},"loc":{"start":{"line":564,"column":22},"end":{"line":567,"column":4}}},"70":{"name":"(anonymous_71)","decl":{"start":{"line":569,"column":8},"end":{"line":569,"column":9}},"loc":{"start":{"line":569,"column":22},"end":{"line":572,"column":4}}},"71":{"name":"(anonymous_72)","decl":{"start":{"line":578,"column":7},"end":{"line":578,"column":8}},"loc":{"start":{"line":578,"column":21},"end":{"line":591,"column":3}}},"72":{"name":"(anonymous_73)","decl":{"start":{"line":593,"column":9},"end":{"line":593,"column":10}},"loc":{"start":{"line":593,"column":23},"end":{"line":610,"column":3}}},"73":{"name":"(anonymous_74)","decl":{"start":{"line":612,"column":8},"end":{"line":612,"column":9}},"loc":{"start":{"line":612,"column":22},"end":{"line":629,"column":3}}},"74":{"name":"(anonymous_75)","decl":{"start":{"line":631,"column":11},"end":{"line":631,"column":12}},"loc":{"start":{"line":631,"column":25},"end":{"line":642,"column":3}}},"75":{"name":"(anonymous_76)","decl":{"start":{"line":644,"column":7},"end":{"line":644,"column":8}},"loc":{"start":{"line":644,"column":21},"end":{"line":657,"column":3}}},"76":{"name":"(anonymous_77)","decl":{"start":{"line":659,"column":14},"end":{"line":659,"column":15}},"loc":{"start":{"line":659,"column":28},"end":{"line":678,"column":3}}},"77":{"name":"(anonymous_78)","decl":{"start":{"line":680,"column":13},"end":{"line":680,"column":14}},"loc":{"start":{"line":680,"column":27},"end":{"line":699,"column":3}}},"78":{"name":"(anonymous_79)","decl":{"start":{"line":704,"column":7},"end":{"line":704,"column":8}},"loc":{"start":{"line":704,"column":21},"end":{"line":718,"column":3}}},"79":{"name":"(anonymous_80)","decl":{"start":{"line":720,"column":7},"end":{"line":720,"column":8}},"loc":{"start":{"line":720,"column":21},"end":{"line":734,"column":3}}},"80":{"name":"(anonymous_81)","decl":{"start":{"line":736,"column":7},"end":{"line":736,"column":8}},"loc":{"start":{"line":736,"column":21},"end":{"line":750,"column":3}}},"81":{"name":"(anonymous_82)","decl":{"start":{"line":757,"column":24},"end":{"line":757,"column":25}},"loc":{"start":{"line":757,"column":34},"end":{"line":760,"column":2}}},"82":{"name":"(anonymous_83)","decl":{"start":{"line":766,"column":22},"end":{"line":766,"column":23}},"loc":{"start":{"line":766,"column":32},"end":{"line":769,"column":2}}}},"branchMap":{"0":{"loc":{"start":{"line":9,"column":4},"end":{"line":10,"column":55}},"type":"binary-expr","locations":[{"start":{"line":9,"column":4},"end":{"line":9,"column":31}},{"start":{"line":10,"column":4},"end":{"line":10,"column":55}}]},"1":{"loc":{"start":{"line":15,"column":3},"end":{"line":18,"column":6}},"type":"if","locations":[{"start":{"line":15,"column":3},"end":{"line":18,"column":6}}]},"2":{"loc":{"start":{"line":43,"column":11},"end":{"line":43,"column":59}},"type":"cond-expr","locations":[{"start":{"line":43,"column":54},"end":{"line":43,"column":58}},{"start":{"line":43,"column":58},"end":{"line":43,"column":59}}]},"3":{"loc":{"start":{"line":43,"column":11},"end":{"line":43,"column":58}},"type":"binary-expr","locations":[{"start":{"line":43,"column":11},"end":{"line":43,"column":58}},{"start":{"line":43,"column":54},"end":{"line":43,"column":58}}]},"4":{"loc":{"start":{"line":71,"column":4},"end":{"line":71,"column":45}},"type":"if","locations":[{"start":{"line":71,"column":4},"end":{"line":71,"column":45}}]},"5":{"loc":{"start":{"line":111,"column":3},"end":{"line":116,"column":null}},"type":"if","locations":[{"start":{"line":111,"column":3},"end":{"line":116,"column":null}}]},"6":{"loc":{"start":{"line":112,"column":4},"end":{"line":113,"column":52}},"type":"binary-expr","locations":[{"start":{"line":112,"column":4},"end":{"line":112,"column":22}},{"start":{"line":113,"column":5},"end":{"line":113,"column":27}},{"start":{"line":113,"column":31},"end":{"line":113,"column":51}}]},"7":{"loc":{"start":{"line":123,"column":3},"end":{"line":127,"column":null}},"type":"if","locations":[{"start":{"line":123,"column":3},"end":{"line":127,"column":null}}]},"8":{"loc":{"start":{"line":130,"column":3},"end":{"line":132,"column":null}},"type":"if","locations":[{"start":{"line":130,"column":3},"end":{"line":132,"column":null}}]},"9":{"loc":{"start":{"line":130,"column":7},"end":{"line":130,"column":65}},"type":"binary-expr","locations":[{"start":{"line":130,"column":7},"end":{"line":130,"column":21}},{"start":{"line":130,"column":26},"end":{"line":130,"column":44}},{"start":{"line":130,"column":48},"end":{"line":130,"column":64}}]},"10":{"loc":{"start":{"line":139,"column":4},"end":{"line":139,"column":54}},"type":"if","locations":[{"start":{"line":139,"column":4},"end":{"line":139,"column":54}}]},"11":{"loc":{"start":{"line":141,"column":4},"end":{"line":141,"column":60}},"type":"if","locations":[{"start":{"line":141,"column":4},"end":{"line":141,"column":60}}]},"12":{"loc":{"start":{"line":158,"column":4},"end":{"line":173,"column":null}},"type":"if","locations":[{"start":{"line":158,"column":4},"end":{"line":173,"column":null}},{"start":{"line":160,"column":11},"end":{"line":173,"column":null}}]},"13":{"loc":{"start":{"line":162,"column":9},"end":{"line":162,"column":56}},"type":"cond-expr","locations":[{"start":{"line":162,"column":19},"end":{"line":162,"column":38}},{"start":{"line":162,"column":41},"end":{"line":162,"column":56}}]},"14":{"loc":{"start":{"line":164,"column":5},"end":{"line":170,"column":null}},"type":"if","locations":[{"start":{"line":164,"column":5},"end":{"line":170,"column":null}},{"start":{"line":166,"column":12},"end":{"line":170,"column":null}}]},"15":{"loc":{"start":{"line":165,"column":25},"end":{"line":165,"column":38}},"type":"cond-expr","locations":[{"start":{"line":165,"column":33},"end":{"line":165,"column":34}},{"start":{"line":165,"column":37},"end":{"line":165,"column":38}}]},"16":{"loc":{"start":{"line":166,"column":12},"end":{"line":170,"column":null}},"type":"if","locations":[{"start":{"line":166,"column":12},"end":{"line":170,"column":null}},{"start":{"line":168,"column":12},"end":{"line":170,"column":null}}]},"17":{"loc":{"start":{"line":168,"column":12},"end":{"line":170,"column":null}},"type":"if","locations":[{"start":{"line":168,"column":12},"end":{"line":170,"column":null}}]},"18":{"loc":{"start":{"line":179,"column":37},"end":{"line":179,"column":59}},"type":"cond-expr","locations":[{"start":{"line":179,"column":47},"end":{"line":179,"column":49}},{"start":{"line":179,"column":52},"end":{"line":179,"column":59}}]},"19":{"loc":{"start":{"line":188,"column":4},"end":{"line":189,"column":48}},"type":"binary-expr","locations":[{"start":{"line":188,"column":4},"end":{"line":188,"column":31}},{"start":{"line":189,"column":4},"end":{"line":189,"column":48}}]},"20":{"loc":{"start":{"line":194,"column":3},"end":{"line":197,"column":6}},"type":"if","locations":[{"start":{"line":194,"column":3},"end":{"line":197,"column":6}}]},"21":{"loc":{"start":{"line":222,"column":11},"end":{"line":222,"column":59}},"type":"cond-expr","locations":[{"start":{"line":222,"column":54},"end":{"line":222,"column":58}},{"start":{"line":222,"column":58},"end":{"line":222,"column":59}}]},"22":{"loc":{"start":{"line":222,"column":11},"end":{"line":222,"column":58}},"type":"binary-expr","locations":[{"start":{"line":222,"column":11},"end":{"line":222,"column":58}},{"start":{"line":222,"column":54},"end":{"line":222,"column":58}}]},"23":{"loc":{"start":{"line":254,"column":4},"end":{"line":254,"column":45}},"type":"if","locations":[{"start":{"line":254,"column":4},"end":{"line":254,"column":45}}]},"24":{"loc":{"start":{"line":286,"column":3},"end":{"line":290,"column":null}},"type":"if","locations":[{"start":{"line":286,"column":3},"end":{"line":290,"column":null}}]},"25":{"loc":{"start":{"line":292,"column":10},"end":{"line":292,"column":52}},"type":"cond-expr","locations":[{"start":{"line":292,"column":33},"end":{"line":292,"column":37}},{"start":{"line":292,"column":40},"end":{"line":292,"column":52}}]},"26":{"loc":{"start":{"line":293,"column":10},"end":{"line":293,"column":48}},"type":"cond-expr","locations":[{"start":{"line":293,"column":31},"end":{"line":293,"column":35}},{"start":{"line":293,"column":38},"end":{"line":293,"column":48}}]},"27":{"loc":{"start":{"line":294,"column":10},"end":{"line":294,"column":48}},"type":"cond-expr","locations":[{"start":{"line":294,"column":31},"end":{"line":294,"column":35}},{"start":{"line":294,"column":38},"end":{"line":294,"column":48}}]},"28":{"loc":{"start":{"line":296,"column":3},"end":{"line":298,"column":null}},"type":"if","locations":[{"start":{"line":296,"column":3},"end":{"line":298,"column":null}}]},"29":{"loc":{"start":{"line":296,"column":7},"end":{"line":296,"column":65}},"type":"binary-expr","locations":[{"start":{"line":296,"column":7},"end":{"line":296,"column":21}},{"start":{"line":296,"column":26},"end":{"line":296,"column":44}},{"start":{"line":296,"column":48},"end":{"line":296,"column":64}}]},"30":{"loc":{"start":{"line":314,"column":14},"end":{"line":314,"column":68}},"type":"cond-expr","locations":[{"start":{"line":314,"column":41},"end":{"line":314,"column":49}},{"start":{"line":314,"column":52},"end":{"line":314,"column":68}}]},"31":{"loc":{"start":{"line":315,"column":14},"end":{"line":315,"column":64}},"type":"cond-expr","locations":[{"start":{"line":315,"column":39},"end":{"line":315,"column":47}},{"start":{"line":315,"column":50},"end":{"line":315,"column":64}}]},"32":{"loc":{"start":{"line":316,"column":14},"end":{"line":316,"column":64}},"type":"cond-expr","locations":[{"start":{"line":316,"column":39},"end":{"line":316,"column":47}},{"start":{"line":316,"column":50},"end":{"line":316,"column":64}}]},"33":{"loc":{"start":{"line":317,"column":3},"end":{"line":322,"column":null}},"type":"if","locations":[{"start":{"line":317,"column":3},"end":{"line":322,"column":null}}]},"34":{"loc":{"start":{"line":318,"column":4},"end":{"line":319,"column":52}},"type":"binary-expr","locations":[{"start":{"line":318,"column":4},"end":{"line":318,"column":22}},{"start":{"line":319,"column":5},"end":{"line":319,"column":27}},{"start":{"line":319,"column":31},"end":{"line":319,"column":51}}]},"35":{"loc":{"start":{"line":351,"column":36},"end":{"line":351,"column":57}},"type":"cond-expr","locations":[{"start":{"line":351,"column":48},"end":{"line":351,"column":50}},{"start":{"line":351,"column":53},"end":{"line":351,"column":57}}]},"36":{"loc":{"start":{"line":355,"column":4},"end":{"line":355,"column":54}},"type":"if","locations":[{"start":{"line":355,"column":4},"end":{"line":355,"column":54}}]},"37":{"loc":{"start":{"line":362,"column":4},"end":{"line":362,"column":38}},"type":"if","locations":[{"start":{"line":362,"column":4},"end":{"line":362,"column":38}}]},"38":{"loc":{"start":{"line":377,"column":10},"end":{"line":377,"column":65}},"type":"binary-expr","locations":[{"start":{"line":377,"column":10},"end":{"line":377,"column":26}},{"start":{"line":377,"column":30},"end":{"line":377,"column":65}}]},"39":{"loc":{"start":{"line":381,"column":3},"end":{"line":384,"column":6}},"type":"if","locations":[{"start":{"line":381,"column":3},"end":{"line":384,"column":6}}]},"40":{"loc":{"start":{"line":410,"column":11},"end":{"line":410,"column":47}},"type":"cond-expr","locations":[{"start":{"line":410,"column":32},"end":{"line":410,"column":40}},{"start":{"line":410,"column":43},"end":{"line":410,"column":47}}]},"41":{"loc":{"start":{"line":470,"column":3},"end":{"line":473,"column":6}},"type":"if","locations":[{"start":{"line":470,"column":3},"end":{"line":473,"column":6}}]},"42":{"loc":{"start":{"line":475,"column":3},"end":{"line":475,"column":51}},"type":"if","locations":[{"start":{"line":475,"column":3},"end":{"line":475,"column":51}}]},"43":{"loc":{"start":{"line":481,"column":3},"end":{"line":481,"column":59}},"type":"if","locations":[{"start":{"line":481,"column":3},"end":{"line":481,"column":59}}]},"44":{"loc":{"start":{"line":506,"column":3},"end":{"line":510,"column":null}},"type":"if","locations":[{"start":{"line":506,"column":3},"end":{"line":510,"column":null}}]},"45":{"loc":{"start":{"line":512,"column":5},"end":{"line":512,"column":34}},"type":"cond-expr","locations":[{"start":{"line":512,"column":20},"end":{"line":512,"column":21}},{"start":{"line":512,"column":24},"end":{"line":512,"column":34}}]},"46":{"loc":{"start":{"line":519,"column":4},"end":{"line":519,"column":50}},"type":"if","locations":[{"start":{"line":519,"column":4},"end":{"line":519,"column":50}}]},"47":{"loc":{"start":{"line":522,"column":4},"end":{"line":523,"column":52}},"type":"if","locations":[{"start":{"line":522,"column":4},"end":{"line":523,"column":52}}]},"48":{"loc":{"start":{"line":528,"column":4},"end":{"line":528,"column":50}},"type":"if","locations":[{"start":{"line":528,"column":4},"end":{"line":528,"column":50}}]},"49":{"loc":{"start":{"line":532,"column":4},"end":{"line":532,"column":58}},"type":"if","locations":[{"start":{"line":532,"column":4},"end":{"line":532,"column":58}}]},"50":{"loc":{"start":{"line":552,"column":3},"end":{"line":555,"column":6}},"type":"if","locations":[{"start":{"line":552,"column":3},"end":{"line":555,"column":6}}]},"51":{"loc":{"start":{"line":579,"column":3},"end":{"line":586,"column":68}},"type":"if","locations":[{"start":{"line":579,"column":3},"end":{"line":586,"column":68}},{"start":{"line":581,"column":8},"end":{"line":586,"column":68}}]},"52":{"loc":{"start":{"line":581,"column":8},"end":{"line":586,"column":68}},"type":"if","locations":[{"start":{"line":581,"column":8},"end":{"line":586,"column":68}},{"start":{"line":583,"column":8},"end":{"line":586,"column":68}}]},"53":{"loc":{"start":{"line":583,"column":8},"end":{"line":586,"column":68}},"type":"if","locations":[{"start":{"line":583,"column":8},"end":{"line":586,"column":68}},{"start":{"line":585,"column":8},"end":{"line":586,"column":68}}]},"54":{"loc":{"start":{"line":585,"column":8},"end":{"line":586,"column":68}},"type":"if","locations":[{"start":{"line":585,"column":8},"end":{"line":586,"column":68}}]},"55":{"loc":{"start":{"line":594,"column":3},"end":{"line":605,"column":6}},"type":"if","locations":[{"start":{"line":594,"column":3},"end":{"line":605,"column":6}},{"start":{"line":596,"column":8},"end":{"line":605,"column":6}}]},"56":{"loc":{"start":{"line":596,"column":8},"end":{"line":605,"column":6}},"type":"if","locations":[{"start":{"line":596,"column":8},"end":{"line":605,"column":6}},{"start":{"line":598,"column":8},"end":{"line":605,"column":6}}]},"57":{"loc":{"start":{"line":598,"column":8},"end":{"line":605,"column":6}},"type":"if","locations":[{"start":{"line":598,"column":8},"end":{"line":605,"column":6}},{"start":{"line":602,"column":8},"end":{"line":605,"column":6}}]},"58":{"loc":{"start":{"line":602,"column":8},"end":{"line":605,"column":6}},"type":"if","locations":[{"start":{"line":602,"column":8},"end":{"line":605,"column":6}}]},"59":{"loc":{"start":{"line":613,"column":3},"end":{"line":624,"column":6}},"type":"if","locations":[{"start":{"line":613,"column":3},"end":{"line":624,"column":6}},{"start":{"line":615,"column":8},"end":{"line":624,"column":6}}]},"60":{"loc":{"start":{"line":615,"column":8},"end":{"line":624,"column":6}},"type":"if","locations":[{"start":{"line":615,"column":8},"end":{"line":624,"column":6}},{"start":{"line":617,"column":8},"end":{"line":624,"column":6}}]},"61":{"loc":{"start":{"line":617,"column":8},"end":{"line":624,"column":6}},"type":"if","locations":[{"start":{"line":617,"column":8},"end":{"line":624,"column":6}},{"start":{"line":621,"column":8},"end":{"line":624,"column":6}}]},"62":{"loc":{"start":{"line":621,"column":8},"end":{"line":624,"column":6}},"type":"if","locations":[{"start":{"line":621,"column":8},"end":{"line":624,"column":6}}]},"63":{"loc":{"start":{"line":632,"column":3},"end":{"line":638,"column":54}},"type":"if","locations":[{"start":{"line":632,"column":3},"end":{"line":638,"column":54}},{"start":{"line":634,"column":8},"end":{"line":638,"column":54}}]},"64":{"loc":{"start":{"line":634,"column":8},"end":{"line":638,"column":54}},"type":"if","locations":[{"start":{"line":634,"column":8},"end":{"line":638,"column":54}},{"start":{"line":636,"column":8},"end":{"line":638,"column":54}}]},"65":{"loc":{"start":{"line":636,"column":8},"end":{"line":638,"column":54}},"type":"if","locations":[{"start":{"line":636,"column":8},"end":{"line":638,"column":54}},{"start":{"line":638,"column":8},"end":{"line":638,"column":54}}]},"66":{"loc":{"start":{"line":638,"column":8},"end":{"line":638,"column":54}},"type":"if","locations":[{"start":{"line":638,"column":8},"end":{"line":638,"column":54}}]},"67":{"loc":{"start":{"line":645,"column":3},"end":{"line":652,"column":68}},"type":"if","locations":[{"start":{"line":645,"column":3},"end":{"line":652,"column":68}},{"start":{"line":647,"column":8},"end":{"line":652,"column":68}}]},"68":{"loc":{"start":{"line":647,"column":8},"end":{"line":652,"column":68}},"type":"if","locations":[{"start":{"line":647,"column":8},"end":{"line":652,"column":68}},{"start":{"line":649,"column":8},"end":{"line":652,"column":68}}]},"69":{"loc":{"start":{"line":649,"column":8},"end":{"line":652,"column":68}},"type":"if","locations":[{"start":{"line":649,"column":8},"end":{"line":652,"column":68}},{"start":{"line":651,"column":8},"end":{"line":652,"column":68}}]},"70":{"loc":{"start":{"line":651,"column":8},"end":{"line":652,"column":68}},"type":"if","locations":[{"start":{"line":651,"column":8},"end":{"line":652,"column":68}}]},"71":{"loc":{"start":{"line":660,"column":3},"end":{"line":673,"column":6}},"type":"if","locations":[{"start":{"line":660,"column":3},"end":{"line":673,"column":6}},{"start":{"line":664,"column":8},"end":{"line":673,"column":6}}]},"72":{"loc":{"start":{"line":664,"column":8},"end":{"line":673,"column":6}},"type":"if","locations":[{"start":{"line":664,"column":8},"end":{"line":673,"column":6}},{"start":{"line":668,"column":8},"end":{"line":673,"column":6}}]},"73":{"loc":{"start":{"line":668,"column":8},"end":{"line":673,"column":6}},"type":"if","locations":[{"start":{"line":668,"column":8},"end":{"line":673,"column":6}},{"start":{"line":670,"column":8},"end":{"line":673,"column":6}}]},"74":{"loc":{"start":{"line":670,"column":8},"end":{"line":673,"column":6}},"type":"if","locations":[{"start":{"line":670,"column":8},"end":{"line":673,"column":6}}]},"75":{"loc":{"start":{"line":681,"column":3},"end":{"line":694,"column":6}},"type":"if","locations":[{"start":{"line":681,"column":3},"end":{"line":694,"column":6}},{"start":{"line":685,"column":8},"end":{"line":694,"column":6}}]},"76":{"loc":{"start":{"line":685,"column":8},"end":{"line":694,"column":6}},"type":"if","locations":[{"start":{"line":685,"column":8},"end":{"line":694,"column":6}},{"start":{"line":689,"column":8},"end":{"line":694,"column":6}}]},"77":{"loc":{"start":{"line":689,"column":8},"end":{"line":694,"column":6}},"type":"if","locations":[{"start":{"line":689,"column":8},"end":{"line":694,"column":6}},{"start":{"line":691,"column":8},"end":{"line":694,"column":6}}]},"78":{"loc":{"start":{"line":691,"column":8},"end":{"line":694,"column":6}},"type":"if","locations":[{"start":{"line":691,"column":8},"end":{"line":694,"column":6}}]},"79":{"loc":{"start":{"line":705,"column":3},"end":{"line":717,"column":null}},"type":"if","locations":[{"start":{"line":705,"column":3},"end":{"line":717,"column":null}},{"start":{"line":707,"column":10},"end":{"line":717,"column":null}}]},"80":{"loc":{"start":{"line":707,"column":10},"end":{"line":717,"column":null}},"type":"if","locations":[{"start":{"line":707,"column":10},"end":{"line":717,"column":null}},{"start":{"line":709,"column":10},"end":{"line":717,"column":null}}]},"81":{"loc":{"start":{"line":709,"column":10},"end":{"line":717,"column":null}},"type":"if","locations":[{"start":{"line":709,"column":10},"end":{"line":717,"column":null}},{"start":{"line":711,"column":10},"end":{"line":717,"column":null}}]},"82":{"loc":{"start":{"line":711,"column":10},"end":{"line":717,"column":null}},"type":"if","locations":[{"start":{"line":711,"column":10},"end":{"line":717,"column":null}},{"start":{"line":713,"column":10},"end":{"line":717,"column":null}}]},"83":{"loc":{"start":{"line":721,"column":3},"end":{"line":733,"column":null}},"type":"if","locations":[{"start":{"line":721,"column":3},"end":{"line":733,"column":null}},{"start":{"line":723,"column":10},"end":{"line":733,"column":null}}]},"84":{"loc":{"start":{"line":723,"column":10},"end":{"line":733,"column":null}},"type":"if","locations":[{"start":{"line":723,"column":10},"end":{"line":733,"column":null}},{"start":{"line":725,"column":10},"end":{"line":733,"column":null}}]},"85":{"loc":{"start":{"line":725,"column":10},"end":{"line":733,"column":null}},"type":"if","locations":[{"start":{"line":725,"column":10},"end":{"line":733,"column":null}},{"start":{"line":727,"column":10},"end":{"line":733,"column":null}}]},"86":{"loc":{"start":{"line":727,"column":10},"end":{"line":733,"column":null}},"type":"if","locations":[{"start":{"line":727,"column":10},"end":{"line":733,"column":null}},{"start":{"line":729,"column":10},"end":{"line":733,"column":null}}]},"87":{"loc":{"start":{"line":737,"column":3},"end":{"line":749,"column":null}},"type":"if","locations":[{"start":{"line":737,"column":3},"end":{"line":749,"column":null}},{"start":{"line":739,"column":10},"end":{"line":749,"column":null}}]},"88":{"loc":{"start":{"line":739,"column":10},"end":{"line":749,"column":null}},"type":"if","locations":[{"start":{"line":739,"column":10},"end":{"line":749,"column":null}},{"start":{"line":741,"column":10},"end":{"line":749,"column":null}}]},"89":{"loc":{"start":{"line":741,"column":10},"end":{"line":749,"column":null}},"type":"if","locations":[{"start":{"line":741,"column":10},"end":{"line":749,"column":null}},{"start":{"line":743,"column":10},"end":{"line":749,"column":null}}]},"90":{"loc":{"start":{"line":743,"column":10},"end":{"line":749,"column":null}},"type":"if","locations":[{"start":{"line":743,"column":10},"end":{"line":749,"column":null}},{"start":{"line":745,"column":10},"end":{"line":749,"column":null}}]}},"s":{"0":3,"1":77,"2":3,"3":3,"4":389,"5":110,"6":1,"7":4,"8":6,"9":6,"10":6,"11":6,"12":6,"13":6,"14":82,"15":82,"16":3,"17":3,"18":3,"19":3,"20":3,"21":3,"22":3,"23":3,"24":3,"25":3,"26":3,"27":3,"28":2,"29":2,"30":2,"31":2,"32":2,"33":366,"34":1314,"35":511,"36":883,"37":883,"38":883,"39":55,"40":883,"41":883,"42":1,"43":883,"44":10,"45":883,"46":883,"47":17,"48":1,"49":16,"50":60,"51":16,"52":1,"53":16,"54":6,"55":1,"56":5,"57":5,"58":4,"59":5,"60":19,"61":53,"62":53,"63":53,"64":53,"65":53,"66":53,"67":53,"68":53,"69":53,"70":53,"71":53,"72":14,"73":39,"74":39,"75":39,"76":17,"77":22,"78":3,"79":19,"80":19,"81":39,"82":53,"83":53,"84":53,"85":53,"86":53,"87":3,"88":573,"89":250,"90":1,"91":4,"92":7,"93":7,"94":7,"95":7,"96":7,"97":7,"98":160,"99":160,"100":6,"101":6,"102":6,"103":2,"104":6,"105":1,"106":6,"107":6,"108":6,"109":6,"110":6,"111":6,"112":56,"113":56,"114":56,"115":56,"116":4,"117":4,"118":3,"119":4,"120":4,"121":257,"122":925,"123":345,"124":378,"125":1,"126":377,"127":1352,"128":377,"129":377,"130":377,"131":377,"132":1,"133":377,"134":764,"135":764,"136":764,"137":35,"138":764,"139":764,"140":1,"141":764,"142":764,"143":764,"144":764,"145":12,"146":764,"147":764,"148":37,"149":37,"150":37,"151":37,"152":37,"153":37,"154":37,"155":111,"156":111,"157":111,"158":37,"159":37,"160":37,"161":18,"162":1,"163":17,"164":17,"165":150,"166":150,"167":86,"168":150,"169":150,"170":150,"171":150,"172":3,"173":540,"174":184,"175":1,"176":4,"177":9,"178":9,"179":9,"180":9,"181":9,"182":9,"183":14,"184":14,"185":14,"186":5,"187":5,"188":5,"189":5,"190":5,"191":5,"192":5,"193":5,"194":5,"195":10,"196":10,"197":10,"198":4,"199":4,"200":4,"201":4,"202":4,"203":4,"204":4,"205":4,"206":4,"207":4,"208":4,"209":4,"210":4,"211":4,"212":4,"213":115,"214":1,"215":114,"216":73,"217":41,"218":41,"219":41,"220":41,"221":41,"222":17,"223":41,"224":105,"225":105,"226":105,"227":105,"228":105,"229":357,"230":105,"231":22,"232":1,"233":21,"234":75,"235":21,"236":45,"237":1,"238":44,"239":44,"240":44,"241":15,"242":44,"243":18,"244":1,"245":17,"246":17,"247":17,"248":17,"249":14,"250":17,"251":174,"252":3,"253":35,"254":13,"255":1,"256":2,"257":2,"258":5,"259":5,"260":5,"261":5,"262":3,"263":5,"264":1,"265":4,"266":1,"267":3,"268":1,"269":2,"270":1,"271":1,"272":5,"273":1,"274":4,"275":1,"276":3,"277":1,"278":2,"279":1,"280":1,"281":5,"282":1,"283":4,"284":1,"285":3,"286":1,"287":2,"288":1,"289":1,"290":156,"291":6,"292":150,"293":27,"294":123,"295":121,"296":2,"297":1,"298":1,"299":5,"300":1,"301":4,"302":1,"303":3,"304":1,"305":2,"306":1,"307":1,"308":5,"309":1,"310":4,"311":1,"312":3,"313":1,"314":2,"315":1,"316":1,"317":5,"318":1,"319":4,"320":1,"321":3,"322":1,"323":2,"324":1,"325":1,"326":3,"327":5,"328":1,"329":4,"330":1,"331":3,"332":1,"333":2,"334":1,"335":1,"336":153,"337":120,"338":33,"339":5,"340":28,"341":26,"342":2,"343":1,"344":1,"345":5,"346":1,"347":4,"348":1,"349":3,"350":1,"351":2,"352":1,"353":1,"354":3,"355":7,"356":7,"357":3,"358":5,"359":5,"360":3,"361":3,"362":3},"f":{"0":77,"1":3,"2":389,"3":110,"4":4,"5":6,"6":6,"7":6,"8":82,"9":3,"10":3,"11":3,"12":2,"13":366,"14":1314,"15":511,"16":883,"17":17,"18":60,"19":6,"20":19,"21":53,"22":573,"23":250,"24":4,"25":7,"26":7,"27":7,"28":160,"29":6,"30":6,"31":56,"32":4,"33":257,"34":925,"35":345,"36":378,"37":1352,"38":764,"39":37,"40":111,"41":18,"42":150,"43":150,"44":540,"45":184,"46":4,"47":9,"48":9,"49":9,"50":14,"51":5,"52":5,"53":5,"54":10,"55":4,"56":4,"57":4,"58":4,"59":115,"60":105,"61":22,"62":75,"63":45,"64":18,"65":174,"66":35,"67":13,"68":2,"69":5,"70":5,"71":5,"72":5,"73":5,"74":156,"75":5,"76":5,"77":5,"78":5,"79":153,"80":5,"81":7,"82":5},"b":{"0":[389,176],"1":[1],"2":[54,28],"3":[82,82],"4":[2],"5":[10],"6":[883,513,513],"7":[1],"8":[1],"9":[16,12,12],"10":[1],"11":[4],"12":[14,39],"13":[11,28],"14":[17,22],"15":[2,15],"16":[3,19],"17":[19],"18":[26,27],"19":[573,503],"20":[1],"21":[82,78],"22":[160,160],"23":[3],"24":[1],"25":[305,72],"26":[305,72],"27":[305,72],"28":[1],"29":[377,221,220],"30":[752,12],"31":[752,12],"32":[752,12],"33":[12],"34":[764,345,345],"35":[23,14],"36":[1],"37":[86],"38":[540,323],"39":[1],"40":[5,9],"41":[1],"42":[73],"43":[17],"44":[1],"45":[72,3],"46":[1],"47":[15],"48":[1],"49":[14],"50":[1],"51":[1,4],"52":[1,3],"53":[1,2],"54":[1],"55":[1,4],"56":[1,3],"57":[1,2],"58":[1],"59":[1,4],"60":[1,3],"61":[1,2],"62":[1],"63":[6,150],"64":[27,123],"65":[121,2],"66":[1],"67":[1,4],"68":[1,3],"69":[1,2],"70":[1],"71":[1,4],"72":[1,3],"73":[1,2],"74":[1],"75":[1,4],"76":[1,3],"77":[1,2],"78":[1],"79":[1,4],"80":[1,3],"81":[1,2],"82":[1,1],"83":[120,33],"84":[5,28],"85":[26,2],"86":[1,1],"87":[1,4],"88":[1,3],"89":[1,2],"90":[1,1]}}
,"/Users/steve/Desktop/dev/open-source/colors/classes/GradientPicker.ts": {"path":"/Users/steve/Desktop/dev/open-source/colors/classes/GradientPicker.ts","statementMap":{"0":{"start":{"line":10,"column":0},"end":{"line":10,"column":13}},"1":{"start":{"line":13,"column":2},"end":{"line":13,"column":22}},"2":{"start":{"line":13,"column":22},"end":{"line":13,"column":62}},"3":{"start":{"line":30,"column":10},"end":{"line":34,"column":4}},"4":{"start":{"line":31,"column":4},"end":{"line":33,"column":18}},"5":{"start":{"line":32,"column":16},"end":{"line":32,"column":51}},"6":{"start":{"line":37,"column":9},"end":{"line":40,"column":4}},"7":{"start":{"line":38,"column":17},"end":{"line":38,"column":72}},"8":{"start":{"line":39,"column":4},"end":{"line":39,"column":52}},"9":{"start":{"line":14,"column":19},"end":{"line":14,"column":51}},"10":{"start":{"line":15,"column":4},"end":{"line":15,"column":23}},"11":{"start":{"line":16,"column":4},"end":{"line":16,"column":22}},"12":{"start":{"line":18,"column":4},"end":{"line":18,"column":43}},"13":{"start":{"line":20,"column":21},"end":{"line":20,"column":68}},"14":{"start":{"line":21,"column":4},"end":{"line":23,"column":6}},"15":{"start":{"line":21,"column":31},"end":{"line":21,"column":33}},"16":{"start":{"line":21,"column":38},"end":{"line":21,"column":39}},"17":{"start":{"line":22,"column":6},"end":{"line":22,"column":null}},"18":{"start":{"line":25,"column":4},"end":{"line":25,"column":38}},"19":{"start":{"line":26,"column":4},"end":{"line":26,"column":61}},"20":{"start":{"line":41,"column":0},"end":{"line":41,"column":null}},"21":{"start":{"line":10,"column":13},"end":{"line":10,"column":27}}},"fnMap":{"0":{"name":"(anonymous_0)","decl":{"start":{"line":10,"column":0},"end":{"line":10,"column":13}},"loc":{"start":{"line":10,"column":0},"end":{"line":41,"column":null}}},"1":{"name":"GradientPicker","decl":{"start":{"line":13,"column":2},"end":{"line":13,"column":22}},"loc":{"start":{"line":13,"column":62},"end":{"line":27,"column":3}}},"2":{"name":"(anonymous_2)","decl":{"start":{"line":30,"column":21},"end":{"line":30,"column":22}},"loc":{"start":{"line":30,"column":53},"end":{"line":34,"column":3}}},"3":{"name":"(anonymous_3)","decl":{"start":{"line":32,"column":11},"end":{"line":32,"column":12}},"loc":{"start":{"line":32,"column":12},"end":{"line":32,"column":17}}},"4":{"name":"(anonymous_4)","decl":{"start":{"line":37,"column":14},"end":{"line":37,"column":15}},"loc":{"start":{"line":37,"column":33},"end":{"line":40,"column":3}}},"5":{"name":"(anonymous_5)","decl":{"start":{"line":21,"column":23},"end":{"line":21,"column":24}},"loc":{"start":{"line":21,"column":39},"end":{"line":22,"column":14}}}},"branchMap":{},"s":{"0":1,"1":5,"2":5,"3":5,"4":1,"5":3,"6":5,"7":2,"8":2,"9":5,"10":5,"11":5,"12":5,"13":5,"14":5,"15":15,"16":15,"17":15,"18":5,"19":5,"20":1,"21":1},"f":{"0":1,"1":5,"2":1,"3":3,"4":2,"5":15},"b":{}}
,"/Users/steve/Desktop/dev/open-source/colors/classes/TonalPalette.ts": {"path":"/Users/steve/Desktop/dev/open-source/colors/classes/TonalPalette.ts","statementMap":{"0":{"start":{"line":3,"column":0},"end":{"line":3,"column":null}},"1":{"start":{"line":4,"column":2},"end":{"line":4,"column":null}},"2":{"start":{"line":5,"column":2},"end":{"line":5,"column":null}},"3":{"start":{"line":6,"column":2},"end":{"line":6,"column":null}},"4":{"start":{"line":7,"column":2},"end":{"line":7,"column":null}},"5":{"start":{"line":8,"column":2},"end":{"line":8,"column":null}},"6":{"start":{"line":9,"column":2},"end":{"line":9,"column":null}},"7":{"start":{"line":10,"column":2},"end":{"line":10,"column":null}},"8":{"start":{"line":11,"column":2},"end":{"line":11,"column":null}},"9":{"start":{"line":12,"column":2},"end":{"line":12,"column":null}},"10":{"start":{"line":13,"column":2},"end":{"line":13,"column":null}},"11":{"start":{"line":14,"column":2},"end":{"line":14,"column":null}},"12":{"start":{"line":15,"column":2},"end":{"line":15,"column":null}},"13":{"start":{"line":16,"column":2},"end":{"line":16,"column":null}},"14":{"start":{"line":21,"column":0},"end":{"line":21,"column":13}},"15":{"start":{"line":23,"column":10},"end":{"line":23,"column":40}},"16":{"start":{"line":26,"column":4},"end":{"line":26,"column":21}},"17":{"start":{"line":30,"column":2},"end":{"line":32,"column":null}},"18":{"start":{"line":31,"column":4},"end":{"line":31,"column":26}},"19":{"start":{"line":39,"column":4},"end":{"line":39,"column":21}},"20":{"start":{"line":33,"column":2},"end":{"line":35,"column":null}},"21":{"start":{"line":34,"column":4},"end":{"line":34,"column":23}},"22":{"start":{"line":43,"column":10},"end":{"line":46,"column":null}},"23":{"start":{"line":44,"column":4},"end":{"line":44,"column":27}},"24":{"start":{"line":45,"column":4},"end":{"line":45,"column":26}},"25":{"start":{"line":47,"column":10},"end":{"line":54,"column":null}},"26":{"start":{"line":48,"column":4},"end":{"line":53,"column":null}},"27":{"start":{"line":49,"column":6},"end":{"line":49,"column":39}},"28":{"start":{"line":49,"column":30},"end":{"line":49,"column":39}},"29":{"start":{"line":50,"column":20},"end":{"line":50,"column":41}},"30":{"start":{"line":51,"column":6},"end":{"line":51,"column":37}},"31":{"start":{"line":52,"column":6},"end":{"line":52,"column":32}},"32":{"start":{"line":55,"column":0},"end":{"line":55,"column":null}},"33":{"start":{"line":21,"column":13},"end":{"line":21,"column":25}}},"fnMap":{"0":{"name":"(anonymous_0)","decl":{"start":{"line":3,"column":0},"end":{"line":3,"column":5}},"loc":{"start":{"line":3,"column":13},"end":{"line":17,"column":1}}},"1":{"name":"(anonymous_1)","decl":{"start":{"line":21,"column":0},"end":{"line":21,"column":13}},"loc":{"start":{"line":21,"column":0},"end":{"line":55,"column":null}}},"2":{"name":"TonalPalette","decl":{"start":{"line":25,"column":2},"end":{"line":25,"column":14}},"loc":{"start":{"line":25,"column":26},"end":{"line":27,"column":3}}},"3":{"name":"(anonymous_3)","decl":{"start":{"line":30,"column":2},"end":{"line":30,"column":6}},"loc":{"start":{"line":30,"column":2},"end":{"line":32,"column":3}}},"4":{"name":"(anonymous_4)","decl":{"start":{"line":38,"column":2},"end":{"line":38,"column":15}},"loc":{"start":{"line":38,"column":20},"end":{"line":40,"column":3}}},"5":{"name":"(anonymous_5)","decl":{"start":{"line":33,"column":2},"end":{"line":33,"column":6}},"loc":{"start":{"line":33,"column":2},"end":{"line":35,"column":3}}},"6":{"name":"(anonymous_6)","decl":{"start":{"line":43,"column":2},"end":{"line":43,"column":10}},"loc":{"start":{"line":43,"column":27},"end":{"line":46,"column":3}}},"7":{"name":"(anonymous_7)","decl":{"start":{"line":47,"column":2},"end":{"line":47,"column":10}},"loc":{"start":{"line":47,"column":2},"end":{"line":54,"column":3}}}},"branchMap":{"0":{"loc":{"start":{"line":3,"column":5},"end":{"line":3,"column":null}},"type":"binary-expr","locations":[{"start":{"line":3,"column":5},"end":{"line":3,"column":13}},{"start":{"line":3,"column":5},"end":{"line":3,"column":null}}]},"1":{"loc":{"start":{"line":49,"column":6},"end":{"line":49,"column":39}},"type":"if","locations":[{"start":{"line":49,"column":6},"end":{"line":49,"column":39}}]}},"s":{"0":1,"1":1,"2":1,"3":1,"4":1,"5":1,"6":1,"7":1,"8":1,"9":1,"10":1,"11":1,"12":1,"13":1,"14":1,"15":3,"16":3,"17":1,"18":54,"19":1,"20":1,"21":1,"22":1,"23":4,"24":4,"25":1,"26":4,"27":104,"28":52,"29":52,"30":52,"31":52,"32":1,"33":1},"f":{"0":1,"1":1,"2":3,"3":54,"4":1,"5":1,"6":4,"7":4},"b":{"0":[1,1],"1":[52]}}
}
