TN:
SF:classes/Color.ts
FN:4,(anonymous_0)
FN:9,Color
FN:110,(anonymous_2)
FN:15,(anonymous_3)
FN:21,(anonymous_4)
FN:25,(anonymous_5)
FN:29,(anonymous_6)
FN:33,(anonymous_7)
FN:37,(anonymous_8)
FN:41,(anonymous_9)
FN:47,(anonymous_10)
FN:81,(anonymous_11)
FN:51,(anonymous_12)
FN:85,(anonymous_13)
FN:55,(anonymous_14)
FN:89,(anonymous_15)
FN:59,(anonymous_16)
FN:93,(anonymous_17)
FN:63,(anonymous_18)
FN:97,(anonymous_19)
FN:67,(anonymous_20)
FN:101,(anonymous_21)
FN:71,(anonymous_22)
FN:105,(anonymous_23)
FN:75,(anonymous_24)
FN:117,(anonymous_25)
FN:123,(anonymous_26)
FNF:27
FNH:27
FNDA:2,(anonymous_0)
FNDA:81,Color
FNDA:148,(anonymous_2)
FNDA:2,(anonymous_3)
FNDA:22,(anonymous_4)
FNDA:77,(anonymous_5)
FNDA:1,(anonymous_6)
FNDA:1,(anonymous_7)
FNDA:14,(anonymous_8)
FNDA:1,(anonymous_9)
FNDA:1,(anonymous_10)
FNDA:1,(anonymous_11)
FNDA:1,(anonymous_12)
FNDA:1,(anonymous_13)
FNDA:1,(anonymous_14)
FNDA:1,(anonymous_15)
FNDA:1,(anonymous_16)
FNDA:2,(anonymous_17)
FNDA:1,(anonymous_18)
FNDA:2,(anonymous_19)
FNDA:1,(anonymous_20)
FNDA:54,(anonymous_21)
FNDA:2,(anonymous_22)
FNDA:2,(anonymous_23)
FNDA:2,(anonymous_24)
FNDA:67,(anonymous_25)
FNDA:53,(anonymous_26)
DA:1,2
DA:2,10
DA:4,2
DA:9,81
DA:10,81
DA:11,81
DA:15,2
DA:16,2
DA:21,2
DA:22,22
DA:25,2
DA:26,77
DA:29,2
DA:30,1
DA:33,2
DA:34,1
DA:37,2
DA:38,14
DA:41,2
DA:42,1
DA:47,2
DA:48,1
DA:51,2
DA:52,1
DA:55,2
DA:56,1
DA:59,2
DA:60,1
DA:63,2
DA:64,1
DA:67,2
DA:68,1
DA:71,2
DA:72,2
DA:75,2
DA:76,2
DA:82,1
DA:86,1
DA:90,1
DA:94,2
DA:98,2
DA:102,54
DA:106,2
DA:110,81
DA:111,148
DA:112,148
DA:113,148
DA:117,2
DA:118,67
DA:119,67
DA:123,2
DA:124,53
DA:126,2
LF:53
LH:53
BRF:0
BRH:0
end_of_record
TN:
SF:classes/ColorUtility.ts
FN:1,(anonymous_0)
FN:4,(anonymous_1)
FN:7,(anonymous_3)
FN:14,(anonymous_4)
FN:21,(anonymous_5)
FN:26,(anonymous_6)
FN:31,(anonymous_7)
FN:36,(anonymous_8)
FN:41,(anonymous_9)
FN:48,(anonymous_10)
FN:55,(anonymous_11)
FN:62,(anonymous_12)
FN:69,(anonymous_13)
FN:80,(anonymous_14)
FN:86,(anonymous_15)
FN:92,(anonymous_16)
FN:103,(anonymous_17)
FN:122,(anonymous_18)
FN:128,(anonymous_19)
FN:138,(anonymous_20)
FN:144,(anonymous_21)
FN:148,(anonymous_22)
FN:186,(anonymous_23)
FN:193,(anonymous_24)
FN:200,(anonymous_25)
FN:205,(anonymous_26)
FN:210,(anonymous_27)
FN:215,(anonymous_28)
FN:220,(anonymous_29)
FN:227,(anonymous_30)
FN:238,(anonymous_31)
FN:245,(anonymous_32)
FN:252,(anonymous_33)
FN:263,(anonymous_34)
FN:271,(anonymous_35)
FN:277,(anonymous_36)
FN:285,(anonymous_37)
FN:291,(anonymous_38)
FN:306,(anonymous_39)
FN:329,(anonymous_40)
FN:339,(anonymous_41)
FN:354,(anonymous_42)
FN:360,(anonymous_43)
FN:366,(anonymous_44)
FN:376,(anonymous_45)
FN:380,(anonymous_46)
FN:387,(anonymous_47)
FN:392,(anonymous_48)
FN:397,(anonymous_49)
FN:402,(anonymous_50)
FN:407,(anonymous_51)
FN:413,(anonymous_52)
FN:419,(anonymous_53)
FN:425,(anonymous_54)
FN:431,(anonymous_55)
FN:441,(anonymous_56)
FN:448,(anonymous_57)
FN:455,(anonymous_58)
FN:462,(anonymous_59)
FN:469,(anonymous_60)
FN:488,(anonymous_61)
FN:505,(anonymous_62)
FN:511,(anonymous_63)
FN:518,(anonymous_64)
FN:527,(anonymous_65)
FN:539,(anonymous_66)
FN:547,(anonymous_67)
FN:551,(anonymous_68)
FN:559,(anonymous_69)
FN:564,(anonymous_70)
FN:569,(anonymous_71)
FN:578,(anonymous_72)
FN:593,(anonymous_73)
FN:612,(anonymous_74)
FN:631,(anonymous_75)
FN:644,(anonymous_76)
FN:659,(anonymous_77)
FN:680,(anonymous_78)
FN:704,(anonymous_79)
FN:720,(anonymous_80)
FN:736,(anonymous_81)
FN:757,(anonymous_82)
FN:766,(anonymous_83)
FNF:83
FNH:83
FNDA:77,(anonymous_0)
FNDA:3,(anonymous_1)
FNDA:389,(anonymous_3)
FNDA:110,(anonymous_4)
FNDA:4,(anonymous_5)
FNDA:6,(anonymous_6)
FNDA:6,(anonymous_7)
FNDA:6,(anonymous_8)
FNDA:82,(anonymous_9)
FNDA:3,(anonymous_10)
FNDA:3,(anonymous_11)
FNDA:3,(anonymous_12)
FNDA:2,(anonymous_13)
FNDA:366,(anonymous_14)
FNDA:1314,(anonymous_15)
FNDA:511,(anonymous_16)
FNDA:883,(anonymous_17)
FNDA:17,(anonymous_18)
FNDA:60,(anonymous_19)
FNDA:6,(anonymous_20)
FNDA:19,(anonymous_21)
FNDA:53,(anonymous_22)
FNDA:573,(anonymous_23)
FNDA:250,(anonymous_24)
FNDA:4,(anonymous_25)
FNDA:7,(anonymous_26)
FNDA:7,(anonymous_27)
FNDA:7,(anonymous_28)
FNDA:160,(anonymous_29)
FNDA:6,(anonymous_30)
FNDA:6,(anonymous_31)
FNDA:56,(anonymous_32)
FNDA:4,(anonymous_33)
FNDA:257,(anonymous_34)
FNDA:925,(anonymous_35)
FNDA:345,(anonymous_36)
FNDA:378,(anonymous_37)
FNDA:1352,(anonymous_38)
FNDA:764,(anonymous_39)
FNDA:37,(anonymous_40)
FNDA:111,(anonymous_41)
FNDA:18,(anonymous_42)
FNDA:150,(anonymous_43)
FNDA:150,(anonymous_44)
FNDA:540,(anonymous_45)
FNDA:184,(anonymous_46)
FNDA:4,(anonymous_47)
FNDA:9,(anonymous_48)
FNDA:9,(anonymous_49)
FNDA:9,(anonymous_50)
FNDA:14,(anonymous_51)
FNDA:5,(anonymous_52)
FNDA:5,(anonymous_53)
FNDA:5,(anonymous_54)
FNDA:10,(anonymous_55)
FNDA:4,(anonymous_56)
FNDA:4,(anonymous_57)
FNDA:4,(anonymous_58)
FNDA:4,(anonymous_59)
FNDA:115,(anonymous_60)
FNDA:105,(anonymous_61)
FNDA:22,(anonymous_62)
FNDA:75,(anonymous_63)
FNDA:45,(anonymous_64)
FNDA:18,(anonymous_65)
FNDA:174,(anonymous_66)
FNDA:35,(anonymous_67)
FNDA:13,(anonymous_68)
FNDA:2,(anonymous_69)
FNDA:5,(anonymous_70)
FNDA:5,(anonymous_71)
FNDA:5,(anonymous_72)
FNDA:5,(anonymous_73)
FNDA:5,(anonymous_74)
FNDA:156,(anonymous_75)
FNDA:5,(anonymous_76)
FNDA:5,(anonymous_77)
FNDA:5,(anonymous_78)
FNDA:5,(anonymous_79)
FNDA:153,(anonymous_80)
FNDA:5,(anonymous_81)
FNDA:7,(anonymous_82)
FNDA:5,(anonymous_83)
DA:1,3
DA:2,77
DA:4,3
DA:5,3
DA:8,389
DA:15,110
DA:16,1
DA:22,4
DA:27,6
DA:28,6
DA:32,6
DA:33,6
DA:37,6
DA:38,6
DA:42,82
DA:43,82
DA:49,3
DA:50,3
DA:51,3
DA:52,3
DA:56,3
DA:57,3
DA:58,3
DA:59,3
DA:63,3
DA:64,3
DA:65,3
DA:66,3
DA:70,2
DA:71,2
DA:72,2
DA:73,2
DA:81,366
DA:86,1314
DA:93,511
DA:104,883
DA:105,883
DA:106,883
DA:108,883
DA:109,883
DA:111,883
DA:115,10
DA:118,883
DA:119,883
DA:123,17
DA:124,1
DA:128,60
DA:130,16
DA:131,1
DA:134,16
DA:139,6
DA:140,5
DA:141,5
DA:143,5
DA:144,19
DA:149,53
DA:150,53
DA:151,53
DA:152,53
DA:153,53
DA:154,53
DA:156,53
DA:158,53
DA:159,14
DA:161,39
DA:162,39
DA:164,39
DA:165,17
DA:166,22
DA:167,3
DA:168,19
DA:169,19
DA:172,39
DA:174,53
DA:175,53
DA:176,53
DA:177,53
DA:179,53
DA:184,3
DA:187,573
DA:194,250
DA:195,1
DA:201,4
DA:206,7
DA:207,7
DA:211,7
DA:212,7
DA:216,7
DA:217,7
DA:221,160
DA:222,160
DA:228,6
DA:229,6
DA:232,6
DA:233,6
DA:234,6
DA:235,6
DA:239,6
DA:240,6
DA:241,6
DA:242,6
DA:246,56
DA:247,56
DA:248,56
DA:249,56
DA:253,4
DA:254,4
DA:255,4
DA:256,4
DA:264,257
DA:271,925
DA:278,345
DA:286,378
DA:287,1
DA:291,1352
DA:292,377
DA:293,377
DA:294,377
DA:296,377
DA:297,1
DA:300,377
DA:307,764
DA:308,764
DA:309,764
DA:311,764
DA:312,764
DA:314,764
DA:315,764
DA:316,764
DA:317,764
DA:321,12
DA:324,764
DA:325,764
DA:330,37
DA:333,37
DA:334,37
DA:335,37
DA:337,37
DA:338,37
DA:339,37
DA:340,111
DA:342,111
DA:343,111
DA:347,37
DA:350,37
DA:351,37
DA:355,18
DA:356,17
DA:357,17
DA:361,150
DA:362,150
DA:363,150
DA:367,150
DA:368,150
DA:369,150
DA:374,3
DA:377,540
DA:381,184
DA:382,1
DA:388,4
DA:393,9
DA:394,9
DA:398,9
DA:399,9
DA:403,9
DA:404,9
DA:408,14
DA:409,14
DA:410,14
DA:414,5
DA:415,5
DA:416,5
DA:420,5
DA:421,5
DA:422,5
DA:426,5
DA:427,5
DA:428,5
DA:432,10
DA:433,10
DA:434,10
DA:442,4
DA:443,4
DA:444,4
DA:445,4
DA:449,4
DA:450,4
DA:451,4
DA:452,4
DA:456,4
DA:457,4
DA:458,4
DA:459,4
DA:463,4
DA:464,4
DA:465,4
DA:470,115
DA:471,1
DA:475,114
DA:477,41
DA:478,41
DA:479,41
DA:480,41
DA:481,41
DA:482,41
DA:489,105
DA:491,105
DA:495,105
DA:496,105
DA:497,357
DA:499,105
DA:506,22
DA:507,1
DA:511,21
DA:512,75
DA:514,21
DA:519,45
DA:520,44
DA:521,44
DA:522,44
DA:523,15
DA:524,44
DA:528,18
DA:529,17
DA:530,17
DA:531,17
DA:532,17
DA:533,17
DA:540,174
DA:545,3
DA:548,35
DA:552,13
DA:553,1
DA:560,2
DA:561,2
DA:565,5
DA:566,5
DA:570,5
DA:571,5
DA:576,3
DA:579,5
DA:580,1
DA:581,4
DA:582,1
DA:583,3
DA:584,1
DA:585,2
DA:586,1
DA:588,1
DA:594,5
DA:595,1
DA:596,4
DA:597,1
DA:598,3
DA:599,1
DA:602,2
DA:603,1
DA:607,1
DA:613,5
DA:614,1
DA:615,4
DA:616,1
DA:617,3
DA:618,1
DA:621,2
DA:622,1
DA:626,1
DA:632,156
DA:633,6
DA:634,150
DA:635,27
DA:636,123
DA:637,121
DA:638,2
DA:639,1
DA:645,5
DA:646,1
DA:647,4
DA:648,1
DA:649,3
DA:650,1
DA:651,2
DA:652,1
DA:654,1
DA:660,5
DA:661,1
DA:664,4
DA:665,1
DA:668,3
DA:669,1
DA:670,2
DA:671,1
DA:675,1
DA:681,5
DA:682,1
DA:685,4
DA:686,1
DA:689,3
DA:690,1
DA:691,2
DA:692,1
DA:696,1
DA:702,3
DA:705,5
DA:706,1
DA:707,4
DA:708,1
DA:709,3
DA:710,1
DA:711,2
DA:712,1
DA:714,1
DA:721,153
DA:722,120
DA:723,33
DA:724,5
DA:725,28
DA:726,26
DA:727,2
DA:728,1
DA:730,1
DA:737,5
DA:738,1
DA:739,4
DA:740,1
DA:741,3
DA:742,1
DA:743,2
DA:744,1
DA:746,1
DA:757,3
DA:758,7
DA:759,7
DA:766,3
DA:767,5
DA:768,5
DA:770,3
DA:772,3
LF:338
LH:338
BRDA:9,0,0,389
BRDA:9,0,1,176
BRDA:15,1,0,1
BRDA:43,2,0,54
BRDA:43,2,1,28
BRDA:43,3,0,82
BRDA:43,3,1,82
BRDA:71,4,0,2
BRDA:111,5,0,10
BRDA:112,6,0,883
BRDA:112,6,1,513
BRDA:112,6,2,513
BRDA:123,7,0,1
BRDA:130,8,0,1
BRDA:130,9,0,16
BRDA:130,9,1,12
BRDA:130,9,2,12
BRDA:139,10,0,1
BRDA:141,11,0,4
BRDA:158,12,0,14
BRDA:158,12,1,39
BRDA:162,13,0,11
BRDA:162,13,1,28
BRDA:164,14,0,17
BRDA:164,14,1,22
BRDA:165,15,0,2
BRDA:165,15,1,15
BRDA:166,16,0,3
BRDA:166,16,1,19
BRDA:168,17,0,19
BRDA:179,18,0,26
BRDA:179,18,1,27
BRDA:188,19,0,573
BRDA:188,19,1,503
BRDA:194,20,0,1
BRDA:222,21,0,82
BRDA:222,21,1,78
BRDA:222,22,0,160
BRDA:222,22,1,160
BRDA:254,23,0,3
BRDA:286,24,0,1
BRDA:292,25,0,305
BRDA:292,25,1,72
BRDA:293,26,0,305
BRDA:293,26,1,72
BRDA:294,27,0,305
BRDA:294,27,1,72
BRDA:296,28,0,1
BRDA:296,29,0,377
BRDA:296,29,1,221
BRDA:296,29,2,220
BRDA:314,30,0,752
BRDA:314,30,1,12
BRDA:315,31,0,752
BRDA:315,31,1,12
BRDA:316,32,0,752
BRDA:316,32,1,12
BRDA:317,33,0,12
BRDA:318,34,0,764
BRDA:318,34,1,345
BRDA:318,34,2,345
BRDA:351,35,0,23
BRDA:351,35,1,14
BRDA:355,36,0,1
BRDA:362,37,0,86
BRDA:377,38,0,540
BRDA:377,38,1,323
BRDA:381,39,0,1
BRDA:410,40,0,5
BRDA:410,40,1,9
BRDA:470,41,0,1
BRDA:475,42,0,73
BRDA:481,43,0,17
BRDA:506,44,0,1
BRDA:512,45,0,72
BRDA:512,45,1,3
BRDA:519,46,0,1
BRDA:522,47,0,15
BRDA:528,48,0,1
BRDA:532,49,0,14
BRDA:552,50,0,1
BRDA:579,51,0,1
BRDA:579,51,1,4
BRDA:581,52,0,1
BRDA:581,52,1,3
BRDA:583,53,0,1
BRDA:583,53,1,2
BRDA:585,54,0,1
BRDA:594,55,0,1
BRDA:594,55,1,4
BRDA:596,56,0,1
BRDA:596,56,1,3
BRDA:598,57,0,1
BRDA:598,57,1,2
BRDA:602,58,0,1
BRDA:613,59,0,1
BRDA:613,59,1,4
BRDA:615,60,0,1
BRDA:615,60,1,3
BRDA:617,61,0,1
BRDA:617,61,1,2
BRDA:621,62,0,1
BRDA:632,63,0,6
BRDA:632,63,1,150
BRDA:634,64,0,27
BRDA:634,64,1,123
BRDA:636,65,0,121
BRDA:636,65,1,2
BRDA:638,66,0,1
BRDA:645,67,0,1
BRDA:645,67,1,4
BRDA:647,68,0,1
BRDA:647,68,1,3
BRDA:649,69,0,1
BRDA:649,69,1,2
BRDA:651,70,0,1
BRDA:660,71,0,1
BRDA:660,71,1,4
BRDA:664,72,0,1
BRDA:664,72,1,3
BRDA:668,73,0,1
BRDA:668,73,1,2
BRDA:670,74,0,1
BRDA:681,75,0,1
BRDA:681,75,1,4
BRDA:685,76,0,1
BRDA:685,76,1,3
BRDA:689,77,0,1
BRDA:689,77,1,2
BRDA:691,78,0,1
BRDA:705,79,0,1
BRDA:705,79,1,4
BRDA:707,80,0,1
BRDA:707,80,1,3
BRDA:709,81,0,1
BRDA:709,81,1,2
BRDA:711,82,0,1
BRDA:711,82,1,1
BRDA:721,83,0,120
BRDA:721,83,1,33
BRDA:723,84,0,5
BRDA:723,84,1,28
BRDA:725,85,0,26
BRDA:725,85,1,2
BRDA:727,86,0,1
BRDA:727,86,1,1
BRDA:737,87,0,1
BRDA:737,87,1,4
BRDA:739,88,0,1
BRDA:739,88,1,3
BRDA:741,89,0,1
BRDA:741,89,1,2
BRDA:743,90,0,1
BRDA:743,90,1,1
BRF:154
BRH:154
end_of_record
TN:
SF:classes/GradientPicker.ts
FN:10,(anonymous_0)
FN:13,GradientPicker
FN:30,(anonymous_2)
FN:32,(anonymous_3)
FN:37,(anonymous_4)
FN:21,(anonymous_5)
FNF:6
FNH:6
FNDA:1,(anonymous_0)
FNDA:5,GradientPicker
FNDA:1,(anonymous_2)
FNDA:3,(anonymous_3)
FNDA:2,(anonymous_4)
FNDA:15,(anonymous_5)
DA:10,1
DA:13,5
DA:14,5
DA:15,5
DA:16,5
DA:18,5
DA:20,5
DA:21,15
DA:22,15
DA:25,5
DA:26,5
DA:30,5
DA:31,1
DA:32,3
DA:37,5
DA:38,2
DA:39,2
DA:41,1
LF:18
LH:18
BRF:0
BRH:0
end_of_record
TN:
SF:classes/TonalPalette.ts
FN:3,(anonymous_0)
FN:21,(anonymous_1)
FN:25,TonalPalette
FN:30,(anonymous_3)
FN:38,(anonymous_4)
FN:33,(anonymous_5)
FN:43,(anonymous_6)
FN:47,(anonymous_7)
FNF:8
FNH:8
FNDA:1,(anonymous_0)
FNDA:1,(anonymous_1)
FNDA:3,TonalPalette
FNDA:54,(anonymous_3)
FNDA:1,(anonymous_4)
FNDA:1,(anonymous_5)
FNDA:4,(anonymous_6)
FNDA:4,(anonymous_7)
DA:3,1
DA:4,1
DA:5,1
DA:6,1
DA:7,1
DA:8,1
DA:9,1
DA:10,1
DA:11,1
DA:12,1
DA:13,1
DA:14,1
DA:15,1
DA:16,1
DA:21,1
DA:23,3
DA:26,3
DA:30,1
DA:31,54
DA:33,1
DA:34,1
DA:39,1
DA:43,1
DA:44,4
DA:45,4
DA:47,1
DA:48,4
DA:49,104
DA:50,52
DA:51,52
DA:52,52
DA:55,1
LF:32
LH:32
BRDA:3,0,0,1
BRDA:3,0,1,1
BRDA:49,1,0,52
BRF:3
BRH:3
end_of_record
